AAG EG BK LM DN QT PX VY 
ABR EG KN PP JQ BR LW SY 
ABS GL EM CQ BR PT KY NZ 
ABE DE BI AL NW QX OY PZ 
ABH BB EM IN DP AQ LW CY 
ACN MN BO ER LT QV PW FY 
ADT AB EE CN IQ PU LW YY 
ADZ BB EF DL HN JP QQ OY 
BEQ BD EE IL AN KQ PR FY 
BEJ AB EE GL KN MQ PW FY 
BFJ EG BJ FN KQ PT MY LZ 
BHH AB NN LO JP QR EU CY 
BHM EF BH KL CN PP GQ JY 
BII JL NN BO GP QQ ET HY 
BIO BB GL MQ PS EU RY NZ 
BJD EG BK CN PS QV LX YZ 
BJH BC EM KP QS LX HY NZ 
BLL CP GQ LR ES NU BV JY 
BLO AB KL MN IQ PV EW UY 
BNQ AE CL BM DQ PV NY 
BNB BK AL FN DP QW TY EZ 
BOV DN BO FP ES QU WY LZ 
BOV DE LO NS PV QX AY BZ 
BQR BB EH KN PS LU YY QZ 
BSX EK DL PP AQ NS BX YZ 
BTC IL MN JQ ES BT PX VY 
BTH BB FL JP MQ ES NV TY 
BUG EI FQ LS PT BU NW JY 
BWX BC JL NO MP GQ HY EZ 
BWO DE LL BM HN GP IQ WY 
BXO BF EK IP HQ LW XY NZ 
BXP BC IN EO GP QT LW FY 
BYP AP NR ET QV BW OY LZ 
BZX CE BK LM NO DP QQ WY 
BBY EG BH KQ LR NU PW MY 
BCW AB CL KN QR PS EX WY 
BCC BF EK DL NN HQ PV GY 
BCG LL PS ET QU BV RY NZ 
BCM BD EG IN LO QS PU WY 
BCN BB EF AQ NS PX RY LZ 
BDS EE AN FQ PR LX OY BZ 
BDN BB EF DL AP NU QW YY 
BDP AB KL NN IP JQ EX RY 
CEQ EJ HN OP QS BW LX DY 
CEV AE DN JQ BR LS PX GY 
CGU EK GL NO IP QS FY BZ 
CIM BB GL EM HP NR QU KY 
CIN LL CP KQ ET NU BX AY 
CKJ EM HP GQ BR LT NW YY 
CLQ CE GL FN IP AQ BV DY 
CLS BB DN IP GQ ET AY LZ 
CLY BJ MP ER NU QX OY LZ 
CLI EG DN BP OQ LU XY 
CMY BK CL NO QQ PV EW DY 
CNZ BD NN AP KQ ET LX HY 
CNZ EE DN KP GQ BS MY LZ 
CNL LL AN KQ PR EX BY 
COZ BH EO GP MQ NR LV AY 
CRV BK FN EO HP LS QU TY 
CRF EG BM IP HQ LR FY NZ 
CRH HL BQ ER PW MY NZ 
CSW LO FP ES BV NX WY QZ 
CTW EJ BM CN LO KP GQ WY 
CTW AE LM BO FP JQ NU GY 
CTX EF BH PP NR LT QX AY 
CTA DE BK LN PR FY QZ 
CTB BJ IL EO MQ NV PW YY 
CVC BF KP CQ LS NW GY EZ 
CVC JL FP KQ BU EW AY NZ 
CVN DL AN FP QT BV EW GY 
CWC AE HN GQ PT BV LX UY 
CXK EF LQ BR PT NX DY 
CYI EF BG IP NS LW QY 
CYI DE GL OP QQ NT BW IY 
CYK DL EM HN OP KQ BT YZ 
CZI EE BI HL QQ PR NU OY 
CZL EJ AP QQ LT BW YY NZ 
CBR BG IL PP FQ ET NU XY 
CBR BI GL CP QV NX MY EZ 
CBT EG BH IQ LV PW NX KY 
CBU BD EE FL AP QS NU MY 
CBW EF BO PP DQ LS NU HY 
CBE DE BH FN OP LS VY QZ 
CCY CN LO AQ ER PU MY BZ 
CCE CE HQ NR LS BT PU YZ 
CCK BC LO GP AQ ES WY NZ 
DET BC GL AQ ES PV NX WY 
DET BG EK CL PP QQ JY NZ 
DEA CE LM GN DP BR QT SY 
DEE BH LN EO PU QX YY 
DEG EE LL BO JP QU NX WY 
DGV BF AN DP EQ SY LZ 
DGD BG KL JN DQ ER PW IY 
DGN BB DN IP EU LV YY QZ 
DJM EE BJ MN KP QW OY LZ 
DJM JL AP QV EW NX MY BZ 
DKR GN LO QQ BR EV PW FY 
DLI EG IL NN PP FQ BU SY 
DLJ LM HP CQ BR EX SY NZ 
DMC BG PP FQ EU LX TY NZ 
DMD AE LM BN PT QX UY 
DMO BD EK LL GN PT QV UY 
DNQ CE LM FN PP QT BV RY 
DOH BI NN GQ ES PX CY LZ 
DON BB DE FN OQ PR LU HY 
DOO IL HN EO KP QS BU DY 
DPZ DE BK FN HP LT QW AY 
DPD EF CL JQ BU NW MY PZ 
DPF BI EO HP NR LS QU XY 
DPM LO BP QT NX FY EZ 
DQV GL IN BS EU PV QW DY 
DQD BD EE GL NO QT PX KY 
DQE GL AP ER BS QT NX DY 
DRK BL NN EO MQ PS TY 
DTB BG FL IN AP ET QX VY 
DTC EG BJ DP AQ NV SY LZ 
DTF EG HL DP QQ NS BW OY 
DVT AL CN EO IQ PT BX KY 
DVE CE PR LS QT NU BV XY 
DWG JL AN OQ PT EU BW XY 
DYD MN HQ PR BU LV EX TY 
DZV DE HP LR NV BX KY QZ 
DZM EG JL BO MP CQ NS IY 
DAO BD AE HL KN FP QS TY 
DDT EG BH CN MP QS LT IY 
DDF BC DN LP HQ ET RY 
EEE CE BG IL KP NS QT YY 
EEO AB EG CL DP IQ NX TY 
EFB AE BH JL OQ PT NU WY 
EFJ EF BI KL DQ NS PT JY 
EGQ JL CN BQ EU VY PZ 
EGZ BG EK CL FQ NR PW HY 
EGF BG HL JN OQ PU EV SY 
EGI BD LL MN EO PR QX UY 
EJT BB FN LP OQ HY EZ 
EJC DE LO QQ BR NS PW AY 
EJL BE CP HQ LS NV IY 
EKT BD EF JN OP LR QS VY 
ELI BH KL AN EO FP QW RY 
ELI AE BK HL NO IQ PR YZ 
ELK CE FL BM HQ PR VY NZ 
ENI KL HN QQ PR ES BT WY 
ENO EG CL FN PR QS BX AY 
EOS BC EH FL AP KQ NV DY 
EOT BF EO HP GQ LS NV IY 
EOU EE MN DP OQ BT LU YZ 
EQR BC EF NN PP LU HY QZ 
EQR BD FL IN ER QS PX KY 
EQT IL CP GQ BR NS EX FY 
EQN BI EL QU NX MY PZ 
ERN DE BI JL QT PU NW FY 
ESS EJ CN LO BR QV PW UY 
ESU BF EJ GL IN CP MQ YZ 
EUS BI EN MP QR LW UY 
EUU EF BI HN OQ LT KY PZ 
EVC EJ LM KN FP BR QT DY 
EWH BB HN OQ PR ET LU WY 
EXU HL NN OP GQ BS EW DY 
EXD BB EE LL DN JP CQ SY 
EXD BL KN HP IQ EY 
EZF GL KN FP DQ ET BW CY 
EAW EJ BK DL GP NR QX YZ 
EAH BC EJ AL NN MP QV YZ 
EAO AB EG NO CP LS QV KY 
EAO BJ LO DP GQ NS EW YY 
EBC BH CN EO DP QX RY LZ 
EBK GL AQ NR BU EW SY PZ 
EBL EK BL NN HP QU SY 
ECR EH KL FN JQ PR BS GY 
ECZ JP BQ LT EU NV HY 
ECD EE BI CL KN FQ PS GY 
EDQ EI JP KQ BS LT NU DY 
EDQ EH KN DP LS BT QU GY 
EDI BJ IP CQ ER LS NX MY 
EDI EI BK FL NO AP QQ YZ 
FES DE MN BS QU LV KY PZ 
FEI CE KL BO IP GQ NT AY 
FEI AL CN OP QQ ET KY BZ 
FGK AL KN IP QQ ES BU WY 
FHQ AN KQ BR PS EW LX DY 
FHQ MN OP HQ LR EV BX SY 
FHK EK HQ BR NU LX FY PZ 
FIC JP NS LU BV QX FY EZ 
FIJ DE AL KQ BT NW MY PZ 
FJR EH LL AN KQ BR PX YZ 
FJV EH GL MP BU QV NX JY 
FJX AB EI KL NO QR PV XY 
FJO GL CN MP OQ BS EW DY 
FKB DL NN IP CQ EV BY 
FKC BC FL HN OP QQ EW AY 
FKC BJ AN GQ LT PU VY EZ 
FLD BC EH JL NN QR PS WY 
FMS AB EE LO KQ NU PX SY 
FNN EE CL BO PP FQ NS GY 
FNO BH IP LQ EX GY NZ 
FPA BG FL CN HP QU AY EZ 
FQQ AB CE JN HP QS LX WY 
FQU BB EK FL CN PP JQ VY 
FQX BD JL HP CQ NT EV AY 
FQL EF IN DQ PS LU BW XY 
FQL EM KN DP JQ BX IY LZ 
FQL HN PP QS ET LX UY BZ 
FRX MN KP CQ ER BT LV IY 
FRZ BK OQ NR LS ET PV FY 
FRD BB JL DN IP QW FY EZ 
FRE EH BK CP GQ LU NW SY 
FRP BK GP JQ NR LV EX OY 
FTQ BD GL HN PR EV QW FY 
FTF DE IL MN AQ BU PX CY 
FTL BB LO PP DQ ER NU IY 
FTP EF BH IL NO PS QT MY 
FUG BK AL CN JQ PW SY EZ 
FVQ BG IQ ES LT PV NW MY 
FWU EG HL JP NV QX BY 
FWO CL EO AQ NU PV BX YY 
FXP BF GL EM CN OP QR UY 
FYS BH EI LO KP NT MY QZ 
FYI BF EK QQ PU LX CY NZ 
FYL DE CP BR QU LX TY NZ 
FZQ BD EO AQ LR NX JY PZ 
FZQ DL NN IP GQ BR ET VY 
FZB AB EF KL MP QT VY NZ 
FAQ EG BI DN CP QR LY 
FAU FN OP DQ LR BT EX WY 
FAW BB EM AN FP QQ LT WY 
FAW BJ GL CP QR ES NW AY 
FBQ BH IL DN AQ PW EX GY 
FBQ EG BI HL FN OP QW CY 
FBY EM NN FP HQ LR BW DY 
FDT BF DN EO IQ PU KY LZ 
FDU EE AL FN PS QU BX OY 
FDG DE LM GN QQ PT BU VY 
GED BC KL AN QQ EW PX IY 
GGA NO QR PS LU EV BW JY 
GGD BB PP DQ ER NT MY LZ 
GGH IL FN BO PP ER QU TY 
GHM LL JN GP ER BT MY QZ 
GIZ LM EO KP HQ NS BT UY 
GIB EE HN BO CP JQ LS IY 
GIM AE BF HL IN JP QT SY 
GIM BH FL JN MQ PS AY EZ 
GJT DE HL BM FQ NV PX WY 
GJK DE BF IN QR LV PX CY 
GJK EK FL GN JP QQ BV DY 
GLI EK BM PS LT QV NW GY 
GLL GL EM NO QR BS PT UY 
GMJ EF LL KN OP BS QU JY 
GMO KL BN CP QX SY EZ 
GNT BH LL JN QQ ER PX MY 
GNT GN LO BR EU QX IY PZ 
GNV EK FL NN OP HQ BT JY 
GOK CE KL HP JQ NT BV WY 
GPJ EI KN LO BR QT PW VY 
GQF BF EG LL DQ NT PV OY 
GSQ BH EK LO QW PX JY NZ 
GSW EF BJ LM GQ NV PX HY 
GSW IL QS EU PV NW BX CY 
GSX EH NO FP BU QY LZ 
GSX EK AP MQ NR LU TY BZ 
GTQ JL EM HN KP QV CY BZ 
GUT EJ FN PP LS BU QV HY 
GUZ LL BM KN CQ EU PW SY 
GUK BB KL HN EQ PR JY 
GVV EI HL BM AP JQ NU XY 
GVG BB JL AN PP QS XY EZ 
GXQ AE KL FP JQ BX YY NZ 
GXL AB EI DL NN OQ XY PZ 
GXL BD AL GN IP QT EX SY 
GXP BB JL NN EO IP CQ UY 
GYZ AE GP QS BU NX IY LZ 
GYL BG EK CQ LR PS NV XY 
GAS BC FL AP MQ ET NU HY 
GBQ BB EK QQ NS PT GY LZ 
GBW EK IL JP GQ NR BU AY 
GBE BB JL KQ PW NX FY EZ 
GBO BG EK LO MQ PX FY NZ 
GCD EG DL IN PT QV BW XY 
GCO EJ HN LO DP QV BW TY 
GDK DE BG KL HN QQ PR SY 
GDK EE BK GL QR PS NU MY 
HEQ DL KP JQ BV EW NX OY 
HEF DE BH LL GN MP QV YY 
HEG EG CL JN HP IQ BW RY 
HEI EK DN QS LT PW JY BZ 
HFJ GL BO MQ PT EV NW CY 
HIZ BF EK GN PP AQ LR DY 
HIJ EG JL IQ PU BV YY NZ 
HJS BG HN CQ LT EV PX JY 
HJC CE FL HN IQ PR BS MY 
HJM BC EK NO AP GQ LT VY 
HKZ EH MP JQ LS NT BW KY 
HKB KL NN CP QT EV BX AY 
HKF EJ GL DN PS BU HY QZ 
HLT EI BJ AL HN PW QX YY 
HLT EH GL BM IN OP AQ YZ 
HLO BC AN JP EU QV YY LZ 
HMR EI DN MP QU BV LX KY 
HMT EF BJ CN PS QV KY LZ 
HNV EE JL IN BO PR QX AY 
HOF BD KL HN PS EV QX WY 
HPB BJ AL NO QQ ET PW MY 
HPJ BI EK MN JP QR LX DY 
HPJ BJ DN CQ PU EV YY LZ 
HPK EF BH KQ PS LU TY NZ 
HPL BH EI AL JN QR PT YY 
HQP EE BF DL NN AQ PT CY 
HRT BG MN IQ LU PV JY EZ 
HSW BC EF DP AQ LU NX VY 
HSH DE AL BM GN OP QQ IY 
HUS DL EM AN BS PX KY QZ 
HUF JL KN GP BU EV DY QZ 
HUJ BH CL NN DP IQ ES FY 
HUK CL EM DN JP IQ BW HY 
HVB KL AN GP QU BV EX DY 
HVM BJ LM GN PP CQ EW FY 
HVP EG BH AP QV LX UY NZ 
HVP HL AN DQ EV BX CY PZ 
HWV EH JL BM CN AP QT GY 
HXD BC DL FP QQ NT VY EZ 
HXD BD EE CL KN PS QW YY 
HYB EJ DL BO PS NU QV TY 
HZQ EI BK LM HN GQ PX FY 
HZR BJ FP ER NS LW QX UY 
HZX EG BK LM NN FP DQ XY 
HZK AE DL BM NR PU QV HY 
HZL BI CL EM JN OP QS YZ 
HAQ BS PU QV NW LX EY 
HAW GL BO ER PT NU QV KY 
HAH EG OP NU BW QX KY LZ 
HAH EF MN QR PT LW GY BZ 
HCB AB NN KP DQ LS ET IY 
HDQ BI CP JQ ER LS NV OY 
HDT BG DN EO HP MQ FY LZ 
HDH AB EG CN HQ LT PX RY 
IGQ BK HL NN MP IQ ET FY 
IGA EH BI CN FP QT LX OY 
IHC EE BI MN KQ PV XY LZ 
IIJ DE JL BM KP GQ NU FY 
IIL EK DL OP NR BU QV AY 
IJH EI LL CP NT BU QX VY 
IJL BB DE CL HN OP AQ JY 
IJN AB EH CN JQ PS UY LZ 
IJN CE AL HN FP QU IY BZ 
IJP EE BN JP QQ LW OY 
IJP EH LL AN PP IQ BV JY 
IKH AB EJ LM NO CQ PV IY 
IKN BC JN LO FP EU QW TY 
ILQ BB FN EO PU LV QX CY 
ILC AL HN BO IP DQ ET CY 
ILI GN KP QT LU BW YY EZ 
IMO EE IL NO DP HQ BW KY 
IOQ BF EH KL GN IQ PV RY 
IOB BB FL ER PT QV AY NZ 
IOB EF BJ KQ NU LV PX IY 
IOE LL CP IQ BT EV NX JY 
IPC BJ NN PP ES LX GY QZ 
IQX BC EM NN LO PQ WY 
IQY BD EI HN OP KQ LT VY 
IQZ HL KP QR NS EX WY BZ 
IQC EE KL BM IP NU QW TY 
IRG LM IN EO BV QX YY PZ 
IRM BG AL KQ PR EU NW SY 
ISS EE IL DN QT BU PV YZ 
ITW LL CN QQ BR EW TY PZ 
ITF CE LP MQ BX RY NZ 
IVY EG AP NR LV QX WY BZ 
IVA GL DN OP KQ BR ET MY 
IVK EF BJ MP NQ LV CY 
IWV MN PP ES LU BX GY QZ 
IWD AE FL IN JQ PS BV KY 
IXC AB DP MQ EU LV TY NZ 
IXP BF NN JP ET QV XY LZ 
IYR FL HN AP BQ ET VY 
IYT BH EK MN JQ LT PU DY 
IYB BK GL MQ ER PU NW OY 
IYJ BK AP QQ ET LW IY NZ 
IAJ CL EM GN DP QQ BU OY 
IAL BJ EK LL NO DP CQ IY 
IBJ EE BM AN FP QQ LX YY 
ICQ EJ FL HP NQ BV OY 
ICF CE BF GL HP QQ NU OY 
IDE EK DL MP HQ BS NW AY 
IDM BE HL AN PU QX SY 
JGS EF BG AL MN QR PX HY 
JGS DL KP CQ ES BV NW JY 
JHA DE QQ NR LT BU PV YZ 
JKM BF AL MN KQ PS EW JY 
JLM LL BO HQ ET PU NW CY 
JMV GL FN HP MQ ER BS DY 
JMA BK LL NN OP AQ EU JY 
JMP AE CL KN JP DQ BX FY 
JOR EF HL AN QR BS PW GY 
JOP BK GP LS EU QW NX AY 
JPT HL EM CN OP BU DY QZ 
JPI BC EJ LO PP QQ NW HY 
JQR EG BL PU NW QX KY 
JQM EJ GL HP NR BS QV TY 
JRY EI KL JN PR QU MY BZ 
JRJ EI LM HN DP QQ BR YY 
JRM CE GL BM QS PU NX DY 
JSD BC EH FL NN GP QT AY 
JSK EE GN JP CQ BT OY LZ 
JTQ BB KL NO QU PV FY EZ 
JTD EI DL AN BS PT QX OY 
JTJ CL BO DP NT EW KY QZ 
JUX BD EF NN GQ PT LU YY 
JUX DE HP AQ NS BW LX TY 
JUX EI AN DP QS LW BX KY 
JUF CE PP DQ BT NU LX KY 
JVN BM EN CP JQ KY LZ 
JWR EH LL BO JP FQ NV WY 
JWZ BJ EK HL NN FP AQ DY 
JWA EK LM PP DQ NU VY BZ 
JWE BE NO CP FQ LX YY 
JXR EE BF JQ NT LU PW OY 
JYR BI DL GP OQ NT EV UY 
JYW BC EE IL DN AQ PT RY 
JYX EK JN OQ LS PU GY BZ 
JYP EG BK IL JQ NT PV FY 
JZV EI BJ FN CQ LT YY PZ 
JZI AE BG KN PS LW HY QZ 
JZJ BD EM NS QU PV LW GY 
JAV EJ NN OP QU BV LW IY 
JAN BC JL DN QS EU PX WY 
JBQ BC JL NN AQ ET PW MY 
JBE BB CE LM IN AP QR SY 
JCR EG PP OQ LR BT YY NZ 
JCR EJ KL HP NV BW QX OY 
JDZ DE JL CN QQ BT PV RY 
JDK BK GN JP AQ LT EX WY 
KEJ EJ HL GN QQ BT PW CY 
KHX EE HN MP KQ LV BW SY 
KJW CE LO PP MQ NT BX JY 
KJH KL BM PP AQ ES NT XY 
KKI EG FL HN CP BS QX KY 
KLO EE IL BM DP QR NW XY 
KNA EE BI DN AP OQ LU RY 
KNI BB EJ KP DQ NX YY LZ 
KNP BH NO JP ET LV QW MY 
KNP LO AP MQ BR NV EW FY 
KOV CE HQ NS PV LX WY BZ 
KOH DL CN BO AP JQ VY EZ 
KOO EH CL BM NQ PX JY 
KPQ FN KQ ES LU PV BW IY 
KPW BI CN QQ EX LY PZ 
KPJ EK BM NO LR PV HY QZ 
KQS BB CL EO HP QQ NS MY 
KQV AB EE LM CP QT NV JY 
KQJ BG EK AN DP QQ LT SY 
KQP FL JP IQ NS ET BW YY 
KRH AB IL MN PR QV YY EZ 
KRK BC IN HP AQ ER LX VY 
KSR BF EG NN IP QS LY 
KST EJ IN LO QT BU PX FY 
KTX BD FL NO PP IQ EV WY 
KTX BF DL EO PS NV IY QZ 
KTD EF BR QS PU NW LX TY 
KUR EK AN MP BS QV LX RY 
KUE BB EE GN FQ LU OY PZ 
KUH LL IN GP CQ ET BU SY 
KUI BB DE LM JQ NV PW SY 
KUP BG EH DN IP QQ LX CY 
KVW BF IP NS LU QX AY EZ 
KVW EG FL QS BU PW NX HY 
KWD DE LM HN KP QQ BW IY 
KXX BB DE HL NR PU QV AY 
KYT BM FN CP LT EW QX AY 
KZU AB EF NO DP KQ LR SY 
KZC AE DN MP OQ LR BS CY 
KZH EM KN CP BV QX OY LZ 
KBV BM LO JQ NV PX TY EZ 
KBO CE FL IP BQ NX RY 
KDS BB EF DN OP QR LX JY 
LEV BB LL MN KP QU EX YY 
LFE BB EK FP LR QT JY NZ 
LFN EF LM JP GQ BS NV KY 
LGO EE DL MQ BU NW IY PZ 
LJT BF EI MN JQ PT LU VY 
LKT DE BM LN PU JY QZ 
LKC EI LL BO DQ PS NT KY 
LMT JL BO MP QQ ER NX WY 
LMB CE LO FQ PS NW VY BZ 
LNA AE BK HN OP LT FY QZ 
LOT EH IL BO CP QQ NX VY 
LOB EI BJ NN PV LX AY QZ 
LOG GL NN BP QU EX FY 
LOH EK HL DN QQ BT PW SY 
LPT AB EJ LO DP FQ NU IY 
LPX EJ IL NO PP AQ BR KY 
LPY DE BH PP KQ LS NT AY 
LPJ DE BG KL JP NS XY QZ 
LQS BJ KN OP QQ ET LX YY 
LQI BG AN MP HQ LU EV FY 
LRS IL BM GN JP QS EU OY 
LRU GL IP QQ ER NS BU KY 
LRZ BI GL OQ ER NU PX JY 
LRE AE GL IN QQ PR BX WY 
LSY AB GL FP QR NT UY EZ 
LTI AE HL NO PT BV YY QZ 
LUC EI LL FN AQ PT BV SY 
LWX EE JL BM GP QQ NX IY 
LWF BF EI GL QU NX YY PZ 
LWF DE BK GP OQ NS WY LZ 
LXE EH CL KN DP MQ BW TY 
LYG CE LM GN AP FQ XY BZ 
LYO KN LO MP GQ BR ES JY 
LZX EE LO QQ BR PV IY NZ 
LAE EH DN BO CP QQ LU FY 
LAL BJ LM CN QS EW PX GY 
LBX EH LM FN KQ PT BV XY 
LBZ EE BF HL NN AP DQ IY 
LBF EJ KN AP BS LU QW YZ 
LCT KN AP GQ BV EX WY LZ 
LCU BK LM HN EO DP GQ FY 
LCX BM OQ EU LW PX VY NZ 
LCD EE NN PR BT QV LX UY 
LCF BH IL EO QQ NW DY PZ 
LCF BI EJ HL PT NU QX CY 
LDY LL BM AP KQ ET NW XY 
MES AB KL PR QS EU NW FY 
MEI BB EH JL FP OQ KY NZ 
MEM AB EI DN OP JQ LS WY 
MEN EF NO GP HQ LS AY BZ 
MFJ BC NN EO MP FQ LR HY 
MFJ IL DN FP KQ ER BW MY 
MFO AB EK LL FN HQ PW VY 
MGS AB LM DN CQ ET PU SY 
MGV CL HN FP IQ BT EW GY 
MID HN LS PU EW QX YY BZ 
MIF EE BO KP DQ NR HY LZ 
MLV AE BK JN PS QU LX IY 
MLK EE BH NN KP DQ LT IY 
MME JL DP EQ NR BX UY 
MMK BG LL EM KQ NV PX AY 
MNW BB DE KP HQ LW TY NZ 
MNX BF EJ HP NS QT IY LZ 
MNZ EH CL IP MQ NU BX JY 
MNL GL HN BR PU QV EX DY 
MNM EF CN JP DQ LT MY BZ 
MOY BJ LM EO DP NR QW KY 
MPP CQ LR NU PV EW BX YY 
MQF AB DE CL JN IQ UY PZ 
MQG EF MN BO HP GQ LT XY 
MRQ JP ES QT LV BW NX HY 
MRW EJ IN DP GQ LT BX WY 
MRD BC EI FN GP QR LT DY 
MSD BC EE LM HN AP IQ WY 
MSI LL GN EO MQ BS PX CY 
MTU BL EM OP IQ NV WY 
MTB EE BI LT NW QY PZ 
MUU LM JN BR ES PT FY QZ 
MUZ EK GN QR PT LU BV FY 
MVO CE GL HN BO MP QV DY 
MVP DP BR NS ET LU QV YZ 
MWV BG KL HP EU QV SY NZ 
MWG AB DE IN OP CQ LV SY 
MYW BD NN JP QT EU LX VY 
MYO IN HP GQ BS LW EX KY 
MYP BK LM DN CQ ER PU AY 
MZW EH GN BR PT QW LX DY 
MZY EG BK LM DQ NX WY PZ 
MAS BI EM CQ NS PW RY LZ 
MBL GN QR BT PW EX OY LZ 
MCU IL FN HQ PR BW VY EZ 
NEZ BH CL NO QT PV EX YZ 
NEC EH NN LO DP FQ VY BZ 
NFL BD EJ HP IQ NR LV FY 
NGS DL EM NP BR QS YZ 
NHZ BC HL DN MP FQ EV UY 
NHH BE CL IN OP QR XY 
NIS BG CN AP DQ EV WY LZ 
NJU BF DL AN EO MP CQ KY 
NJA IL AN BO CQ PW EX VY 
NJG LM JN HQ EU BV WY PZ 
NJP EF NN MP DQ LR BS JY 
NKJ CE BK FN MP HQ LS VY 
NKP AE BI GN QU LW PX SY 
NKP IL GP QV BW EX KY NZ 
NLF BB AE CL NN GP QQ IY 
NLG AE BF QS NU LV PX OY 
NLK DN AP KQ ET LU BV OY 
NMR EF CL KN DQ PV JY BZ 
NMX DE BI CL KP MQ NX RY 
NMB AB JL EM OQ PV NX YZ 
NOX AB DN PP QR EV MY LZ 
NOD AE BI NN MP OQ FY LZ 
NPN BF EK LM NQ XY PZ 
NPN DL NN PP QQ BU EV YZ 
NQZ DE BH FL NO PS VY QZ 
NQA NN OQ PS BT LU EX JY 
NQA EI PP CQ LT BU OY NZ 
NRW EK IN MQ PS BT LW JY 
NRC BJ GN DP FQ EU LX CY 
NRF BB HL AN QQ EW GY PZ 
NSM BG DL PP ES NU QW RY 
NTV BD GL EM NN AP QT WY 
NTP GL IQ PR BU NW EX MY 
NUH BF KN AQ LV PW MY EZ 
NVM EF JL AP DQ BV YY NZ 
NWX BF EG AN DP IQ LT RY 
NXH EI GQ BR NW LX AY PZ 
NYW BC AE IP FQ LR MY NZ 
NYX BI AL HN KP QQ ET VY 
NYO BG AL IN CP ER QW HY 
NZH BB NO HQ LR EX MY PZ 
NBY EG BH DL NO IP AQ RY 
NBG EH BI JL GP DQ NV OY 
NBG BJ IL DN EO PU QV TY 
NBM EK LM BQ NU OY PZ 
NCZ EF KL DN PP QQ BT VY 
NDW BG FP MQ LU NV SY EZ 
NDE GN BO IP DQ LR UY EZ 
NDH EM GP BT QV LW NX RY 
OER BF HL QT EU PV KY NZ 
OEA BG JL HN PR QW YY EZ 
OEF CL IN BO PR QT EX HY 
OFN CE AN QR BT LV PX FY 
OFN NN IP ER LT BV XY QZ 
OGZ EE BI PP AQ NS LU TY 
OGD BJ EM PP LT NU QX DY 
OGD EK JL HN DQ PR BT IY 
OHB AB IL PP HQ NT YY EZ 
OHO BK LL DN HP QR EU CY 
OHP GL MN BO KP CQ EX IY 
OIK LL NN IP QR ES BW HY 
OJS BK NP FQ LS EW MY 
OJZ BC EG HP NV LW FY QZ 
OKI BF EK JL AQ PW NX HY 
OLZ EF BJ MP IQ NW UY LZ 
OLZ JL NN HP OQ ET SY BZ 
OLJ EG MN KP BT LU QV DY 
OMY DE BO AP KQ NT MY LZ 
OMI EE BG HN LO IQ PR AY 
OND JL FP CQ BV NW TY EZ 
ONE DL HN BO KP FQ EU YZ 
OOX AB JL DN MP QT EU CY 
OOZ BH NN DQ PU LW EX IY 
OOB FL MN HP GQ BU OY EZ 
OPE BI GL AN HP MQ ER YY 
OQZ EK NQ LR BS PX WY 
OQP FL MN JP IQ EU YY BZ 
ORF BB EF NN AP QS LU YZ 
ORI KP MQ LR BW EY NZ 
OSS BK GN PS LT EX QY 
OSI HN DP FQ ER LX AY BZ 
OVV BH LO DP GQ NS ET MY 
OVI BC DP AQ EW LX NY 
OWT BC AE DP LQ NV KY 
OXM DE KL JN MP BU QV FY 
OYU EK CL FP AQ NS BT MY 
OYU GL ER NU QW PX FY BZ 
OYD BK MP DQ ET LU NW XY 
OYN JL MN BS EU PV QW GY 
OZE AB EE KQ PR LW CY NZ 
OZN EH BM LP OQ YY NZ 
OAI EE AL HQ NR BX VY PZ 
OBW BB EH JN GP LT QW RY 
ODW EM AN PR QS LT BW OY 
ODC BF IP DQ LR NS EV TY 
PET EI AN DQ BT PV LW JY 
PEU DL NO AP JQ ES BW CY 
PEB BM DN JP IQ LS EW UY 
PEH NN BO KP GQ EX WY LZ 
PEM BD EF IL NN CP QW YY 
PFF BD KL HN ER PS QX MY 
PFH EG NN DP IQ BT LU YY 
PGT EE BF MN LO HP GQ CY 
PHU BD AL HN FP EW QX KY 
PHW AL EO PP IQ NV BX YZ 
PIV AE GQ PS NU BW FY LZ 
PIJ BH CL NO DQ PR MY EZ 
PMR BC EJ IL GP AQ NX DY 
PMX LM JN CP BQ EW DY 
PMD KL BM HN ER QS PV XY 
PMD EI NN MP GQ BU LX KY 
PMH LL BM JN GP EU OY QZ 
PMH EG DL NN CP HQ BV KY 
PNG EG IL JN QT BW OY PZ 
PNO BB KL JN QR ES PX CY 
PPV PP QQ NR LS BT EX UY 
PQX EK MN BO GQ PV CY LZ 
PQL BF EK DL MN QX JY PZ 
PSS AB FL NN GP KQ EU RY 
PSJ FL NN BO GP MQ EW VY 
PTC EE IP BS NT LW VY QZ 
PTC EF DN MP HQ LS BW IY 
PUN HL CQ PT NV BX SY EZ 
PVQ AE CL BO JP QQ NV UY 
PVV CE KL HN PP OQ BX YZ 
PWQ CE IL BO JP FQ NV UY 
PWS EG IL HN FP AQ BS CY 
PWV BK EO AP NT LV CY QZ 
PWV DE KL JN MQ PS BV XY 
PWD BB LM AP DQ NX HY EZ 
PWH AB EF GL JN QR SY PZ 
PWM BG JN DP QU EW RY LZ 
PZA BF HL NO IQ EW PX CY 
PZL DN AQ BS PT LV EW CY 
PAX BH EM DN IP QR LS VY 
PAF AB KL NO CQ ES PV IY 
PBX EH DL GP AQ NT BV WY 
PBY IL EM BO PS QW FY NZ 
PBB BG EH LO JQ PT NV IY 
PCW BD EH CL MP FQ NU OY 
PCL EE AL JP FQ BS NU GY 
PDS EH BM NN IP LR QV FY 
QHB EH CP MQ BS LW NX UY 
QID FL NO BP GQ EU MY 
QIG BB AE JP QS LV NW YY 
QJY GN QQ BR PS LT EU YZ 
QJH EJ KL BM CP NU QX WY 
QJK BI GL NS PT EU QW CY 
QKJ EG DN KQ BR LV PW YY 
QLB BJ OP GQ NV EW TY LZ 
QMQ EJ LL IN CP BU QX AY 
QMS AL JN DQ BR PU WY EZ 
QMT BJ CL GP IQ EV NW XY 
QMU AB EK HP QQ NR LV GY 
QNA EE BF PR LS QU NV JY 
QOY AB JL HN QQ PS GY EZ 
QPE EG LM KN DQ PR BX CY 
QQE BF EI GL KN HQ PT YZ 
QQI CE LO DQ PS NU BV RY 
QQO CE BG AN LS PT QU KY 
QRU HN GP OQ EU LX YY BZ 
QRZ CE GL NO FQ BX TY PZ 
QRB EI LM DP GQ NT BV XY 
QRF EG IL HP BR NT QU XY 
QRL LL EM NN BO GQ PR AY 
QSX EE JL BM QQ NX DY PZ 
QSC BF EI LR PT NV QY 
QSC HL DN BO MP QU JY EZ 
QTR BO CP NS ET QW LX FY 
QTU AL BQ NS PY EZ 
QTZ BD EG PS NU QV JY LZ 
QTL EG FP AQ BV NW LX YZ 
QUK BH FL OP NS EV QY 
QUK DL CP MQ NR BV EW JY 
QVE EJ BM KN OQ PW LX IY 
QVN LM JN FP ER BX UY QZ 
QVO EF CL HN AP GQ BV YY 
QWQ BB DP IQ EV NW LX OY 
QWU BD CL AN FQ ES PW IY 
QWZ DE LM CP KQ BR NW HY 
QWB EE IQ PT NU BV RY LZ 
QWD BC DL PP GQ ET NX YY 
QXD EE AP LR NV BW DY QZ 
QXP EH GL AN QR PX JY BZ 
QYG AE BF DL NO PP CQ YZ 
QYN EH BK IL AN QT PW XY 
QZU BF CL DN MQ EV PW IY 
QAK EI BK DN LO AP QS CY 
QBM LL FP QR BS EV XY NZ 
QBN BG FP OQ ES NU LX TY 
QDF EJ CL AP QR BX HY NZ 
QDL BB IL GQ ER NS KY PZ 
RES BC DE AL NP QS YZ 
RFF BK DL OQ PT NX RY EZ 
RGY KL JN CQ BR ES PU MY 
RGA BB EJ KN MQ PR LU SY 
RGN AE BH IL GP QS NX UY 
RHU GN CP IQ ET LU BX HY 
RHG BF NN LO AP QS EU YZ 
RIF BB HL IN EO GP QV DY 
RJF HQ LS PT NW EX JY BZ 
RKV BB EF HL MN JP XY QZ 
RLJ BB GL FP EU NV QW TY 
RMV BK HL EO GP NT QU RY 
RNX BK HL EM GQ PU RY NZ 
RNC AE IN MP JQ LR BT UY 
RNF EM LO NR QT BX PY 
RNP BF EJ AL QR PV TY NZ 
RQB EG HL MN OP QS BW DY 
RQE AB LL GP HQ ER NW IY 
RRZ BD EJ LO KP IQ NV YZ 
RSJ BB EF IN OQ PS DY LZ 
RTB BI HL KQ PV EW DY NZ 
RTG EG KP OQ BT NU AY LZ 
RTP BB EF DP CQ NS LU YZ 
RUS IQ BT LU NW EX GY PZ 
RUU BI CN KP OQ EX AY LZ 
RWY BC MN EO LT PU XY QZ 
RZU AB EJ LM GP FQ HY NZ 
RAJ EG KN PP JQ LR BS CY 
RAP EE MP QR NU LV BW DY 
RBV DL BM EO GP HQ NW XY 
RDX LM PP JQ BU EV NW FY 
SEW KN HP GQ ES BT LV FY 
SEK AL CN OP KQ ER BS UY 
SEL BC DE AN LO PT RY QZ 
SFL BB EE LM GP QX UY NZ 
SFO BD EE JL HN GP QQ UY 
SGU BB LM FP NS EV QX IY 
SGD BH MN FQ PT EV LX RY 
SGD HL CN IP ER QS BX MY 
SHW EJ AN OP LS QV BX UY 
SIP BF KN LO GQ PX MY EZ 
SIP FL BO JP ET NU QX YY 
SJQ JL FN DP OQ EV BX HY 
SJL EM GN KP JQ BR LT IY 
SKZ DE LL NO AP BW TY QZ 
SLY AB KL MQ EV PW NX GY 
SLY EH BK AL PP QR NS VY 
SMX CE BJ MP OQ NT LX RY 
SMD BO IP NR LT QW EX YY 
SMD EG LO DP BT QU NY 
SNY EM JN IP KQ LW BX HY 
SPX BK NN AQ ER LS PV DY 
SPJ BD EE LM NN GP QR OY 
SPM BH EO FQ NS PT LX WY 
SQG EJ BK AL IP MQ NR CY 
SQH BD FP NS QT LV IY EZ 
SQM BF DN PR LV QW EX YY 
SQM EK FL HQ NS PT BV CY 
SRS EF GL CN AP OQ BU JY 
SRE BD EE LM CN FQ PT GY 
SRI CL BM NR EU PV QX IY 
SRJ EG BO IQ PR LX DY NZ 
SRN BB EF JL NR PU QV TY 
STQ BC AE DL MQ NS OY PZ 
STC BG KN FP ES LV QW UY 
STM BO HP AQ EU LW NX TY 
SUU HN EO AP QQ LT BW SY 
SUP EH MP JQ NR LT BV UY 
SVN BB KL JN PP MQ EV SY 
SWW LM GN QR BS PU TY EZ 
SXV EF BH AP QR NT LW GY 
SXV HL GQ PR EU NV BW JY 
SZJ EM NO KP DQ BV LX JY 
SZP EO CP JQ NR BT LV WY 
SZP EF DN PP AQ LS BW IY 
SAM EK DN GQ PT BX YY LZ 
SBQ AE FL HQ PR BV NX WY 
SBV EF BH CP QR NT LW GY 
SBC BF CQ LR ES NV PW YZ 
TEF BI FL OQ PS NX YY EZ 
TFZ AB GN DP EQ LW YY 
TFM AE BK CN LR QT PX DY 
TGN BD EG JL FN HP UY QZ 
TIV EE BF HQ NT PW LX OY 
TIB LL EO MP JQ BV NX SY 
TIK AN KP ER BT LX QY 
TJC BI KN GP QR LU EV HY 
TJF EM FN CP GQ BR LT JY 
TKJ EE BF DL NR PV QW SY 
TLR EH IN GQ BV PW DY LZ 
TLY BD EJ HN PP LT QU FY 
TLC BK LM AP JQ NS EX YY 
TLM BF NO JP AQ ES LW DY 
TMT CE BG AL JN DP QU TY 
TMA EF NP KQ BT LW VY 
TOV BC AE FL DN PS QV WY 
TOZ BF DL HN QR PT EU CY 
TOB EG BJ LL AQ PR TY NZ 
TPF CE IN DP BT LV QW HY 
TQA BM GQ PS EW LX DY NZ 
TQL BJ DL EM AN HP OQ TY 
TQN BD GL NN EO MP JQ TY 
TQO AL KN PQ BT EW OY 
TRD AE BK HL PR NV IY QZ 
TSG CE BH MP LV NY QZ 
TSM BG HN LO AQ PR ES YZ 
TTO EJ NO IQ BR PU LW MY 
TUR EK CN MP FQ BS LW GY 
TUD BD NN EO MP LR QS VY 
TUE BD HL KQ NS PT EX IY 
TUE BH DL EN OP AQ RY 
TVC EF NN LO BQ PX SY 
TVH BB EH DL KN MP FY QZ 
TWQ BB DL FN QQ PR EV TY 
TWP EI BJ CL AQ PU VY NZ 
TXB CE HL DP AQ BS NT XY 
TXJ EH BJ IN PS QU LW OY 
TXP BC EH JL NN MQ PS WY 
TYT JN BO ES PV LW XY QZ 
TYO EK AN IP BS QT LX HY 
TZR BJ IL FQ PR NT HY EZ 
TAY EE BO JQ PR LU NV KY 
TAY EG LO FQ PT BU NW HY 
TAI BJ AL GP QS EV NW XY 
TBS BF EJ AL IN MQ RY PZ 
TCS AB KL QQ ET NU PV OY 
TCW EJ BK NR QS LU PX TY 
TCW KL NO AP GQ ES BU WY 
TCX BH EP CQ NU LX AY 
TCA EG BI LL NO HP RY QZ 
TCM AB EM GP FQ LV NW TY 
UEU BB FL GN MP JQ EX VY 
UEW EE MN IQ LT BW AY PZ 
UEA EH LM NN GP BT QV YZ 
UED EJ BK IL DN FP QW GY 
UFR DL KN OP BS EU QV IY 
UFU CE HL OP MQ NR BT DY 
UFV BJ EM NN CQ LV GY PZ 
UFV EE JL NP QT BV YY 
UFO BG JL DN EO FP CQ VY 
UGT CE NO GQ PR BT SY LZ 
UGZ KL PP FQ ES BX OY NZ 
UGA LL NO DP QR EU VY BZ 
UHR EE BF JL HN DP QU MY 
UHS EF BK HP IQ LU GY NZ 
UHD EF JL HN PR BT QW UY 
UHL EF HL AQ PR NS BV WY 
UIX BM DQ ES PT LV NX RY 
UIX EH LM FN KQ PU BV YZ 
UJV BJ LM KN AP QQ EW UY 
UKX HN LR BS PU EW QX CY 
ULC BG OP NR QU LX VY EZ 
UMQ BB EH MN IP QT LX KY 
UMK BH FL KN ET QU PX JY 
UNN JL NN BO IQ ER MY PZ 
UOJ BG DL NN JP QR EX KY 
UOK BC EG IL HN AP MQ YY 
UON AL NN PP GQ ER XY BZ 
UQU CE BK LL OP HQ NT YY 
UQW NN GP DQ BU LW TY EZ 
UQW EE KN JQ LU BW YY PZ 
UQB BB EH LO PP NV QX GY 
UQC EM FN OP BS QV KY LZ 
UQE EJ PP QQ LR NS BV DY 
UQL GL MN FP CQ BV AY EZ 
UQO DL PQ ET NU BV JY 
USQ EJ GL MN BO QR YY PZ 
USZ AB CP NT EV LW QX DY 
USA BK GL IN EO FP DQ TY 
USM EJ IN LO CP BR QS VY 
UTQ CL IN ES BU QV XY PZ 
UTO EE MN BO DP AQ LS GY 
UWV BB DL IN AP QS EV HY 
UWH AE BG MP DQ LT NX YY 
UXX EK HL MQ PS NU CY BZ 
UYM BC EM NO HP LU KY QZ 
UZU EI KL NN DP CQ BU MY 
UAQ EE BF LS QT NV PX YZ 
UAX EO GP KQ BR LU NV HY 
UBM EF BL NO HQ PX RY 
UCI BJ IN AQ PR LS EX DY 
UCI JL CN PP MQ BS ET KY 
UCJ EE FN QQ BW LX PY 
UDI FL BO PP QW NX HY EZ 
VFV BE AN DP MQ LR CY 
VFK BB FN EO JP KQ LT WY 
VFP BM CP GQ NR ET OY LZ 
VGF BF EH DL KQ PR NW GY 
VHY DE FN QR LU PV BW TY 
VHB BB GL KP DQ EU NV TY 
VIV EI PT BU NW LY QZ 
VIN BF CN AP DQ ES TY LZ 
VJA FL BO MP QR NS ET JY 
VJM LM IN GP ER QU YY BZ 
VKH AL FP DQ EU BW JY NZ 
VMA BJ EK NN AQ PS LW FY 
VMA EE JL KP IQ NU BW CY 
VME EF BG KN MP QR LS YY 
VMF BJ KL NO PR QV EY 
VMF CE BK JL DP FQ NW UY 
VMI KN BO JQ ER LT PX UY 
VMN EH CN AQ BT PU LX FY 
VNT BI GL DQ EV PY NZ 
VNM BI GL HN AP ER FY QZ 
VNO EH GN OP FQ BT LX AY 
VOZ BB CE NN GP HQ LT XY 
VOA CE BI GP JQ NR LS HY 
VOO AB CP OQ LS ET NY 
VPA EK CL JN DP QU BX YY 
VPB EF LL AP QR BU NV YZ 
VPJ GL PP KQ BS NU EW CY 
VPJ EH CL DN IQ BX GY PZ 
VQQ EG IL MP AQ NS BU WY 
VQY BI DQ ER NS PV LW XY 
VRS BB CE DP QT LV HY NZ 
VRE BD AE PP LU NV QW SY 
VRE EJ DL NN QT BU PX YZ 
VRP BH EK FQ PR LV NX AY 
VSQ BK EM JP NR QU LV HY 
VSZ BG JN EO CP LT QX AY 
VSE BF KL MN IQ EW JY PZ 
VTI BB EJ AL NN DP MQ UY 
VTI BH DL EM GN AP JQ CY 
VTN BJ EK LL CQ NS PU MY 
VUB BG KN IP LV EW MY QZ 
VVV CL EO MP QQ BT NX GY 
VVX JN PP AQ LS BT GY EZ 
VVB EG BI KL CN AP QW FY 
VVB EF BK IL HQ NT PU VY 
VVF BM HN IQ ET PX SY LZ 
VYK BB EG FL AN HP QT OY 
VZI BO HP NQ ET LX VY 
VBX EJ FL OP HQ NV BW XY 
VBH EJ BO FP CQ NT DY LZ 
VBO HL BM KP IQ NS EW GY 
VDW BK JN GP EQ LT OY 
VDW KL MN ES BT PV XY QZ 
VDG JN BO PP FQ LW EX SY 
WES BH LO ER PS NT QX DY 
WFF BD JL EM FN PP QR KY 
WGF EI HN PP AQ BU GY LZ 
WHF FL JP ET BU NV QX OY 
WHH FL BO JQ NT EU PV KY 
WIT BB FL NN PR QU OY EZ 
WJQ BB AL EM QV PX FY NZ 
WJH CE KL DN FQ BT PW RY 
WJM AE BK PR QS LW NX IY 
WJN CN AP QT EU BX OY LZ 
WJN EJ NN GQ PS LX CY BZ 
WKW BC KN FP GQ ET LV RY 
WKF BD EN LO AP KQ MY 
WLV BB DN MQ PT LW VY EZ 
WLG LL JN EO CP IQ BS AY 
WLH BF EH OQ NU PW LX TY 
WMC AB IL OP QQ NW CY EZ 
WMC EH CL DP NU BX IY QZ 
WMK BC IL GN EO QS PX UY 
WML AB IL MP DQ NX CY EZ 
WNR EE BH NO CQ LW GY PZ 
WOE BF EJ LM GN IP HQ OY 
WOE CE FL BM GP IQ NU YY 
WPY BG EJ IP KQ LW HY NZ 
WPG EE BK GN MQ PR LS OY 
WQE DL GP BQ NT EV WY 
WQG BD CE OP FQ LW NX MY 
WQO FL KP CQ NR BU EW AY 
WRD BD GN QQ PR LT EW OY 
WRI BM FN PS QT LU RY EZ 
WSX EH CL BR PU QV MY NZ 
WTR LL AP OQ ER BT NV YZ 
WTT BB FL KN DQ PR EX YY 
WUV BK JL NS PV QX IY EZ 
WUD BB AE GN JQ LV PW SY 
WWQ EF AL PP HQ BU TY NZ 
WWC DE GN BO FP KQ LT XY 
WWD HN LO CP FQ ES BX TY 
WWE BB CL NO AP GQ ER WY 
WXB BK EM LP QR NT XY 
WXF BI FL CN HQ PT YY EZ 
WXG BK GL FQ PT NU EX JY 
WYY BK LM DP NQ ET JY 
WYH BB DL AN HP QS EU MY 
WYL EE BI KP QQ NR LT SY 
WZR EJ IL DN PP QS BU MY 
WZS AB EE DP NQ LS YY 
WZS EG AL CN PP IQ BS JY 
WAB CE IL JN BO GP TY QZ 
WBA EE CL KN FP QS BW GY 
WBD DE BH JP CQ LR NW FY 
WBH BK GL IN EO AP QR DY 
WBN FL CN EO IP QR BT VY 
WCB EH FP NT BU QV LW DY 
WDU BK LN GP QR EX TY 
WDO EG CL OQ PR NU BV JY 
WDP CE JL MN DP QU BV SY 
XEJ BJ AL DP NT QU RY EZ 
XFQ BH EK IP NS QT MY LZ 
XFB KL EM CN JP IQ BV YY 
XGX EH BI FL AP JQ NT RY 
XGZ HL GP JQ BT NU EX IY 
XHC BC EF NP HQ LU VY 
XIQ BG LT NV QW EX PY 
XIY EH BK MN DP AQ LS UY 
XJR EF BJ GL NV PW OY QZ 
XJR EE LL KN AQ BR PX YY 
XJP EG NO PR BT LU QW XY 
XKW AE LM DP IQ NS BY 
XLT DE HL IN AP KQ BU MY 
XLW BK JL PP NQ EV XY 
XLM EG FL NN PR BV QW IY 
XMZ BI LM HN KQ ER PT UY 
XMZ EI AP QR BS NT LV FY 
XMM EI JL BN HQ PT YY 
XMO GL BM KN DQ PS ET RY 
XPY EF HL GN JP OQ BS UY 
XQE BD EJ GL AN FP QV RY 
XRZ EK HL AN PP QU BV FY 
XSQ BB EJ DL KN PU FY QZ 
XSV AN GQ LT BV EW IY PZ 
XSN BD AE KN QQ LS PX HY 
XSN EF DL CQ PR BS NT JY 
XUQ DE KL JN HP BT QV GY 
XUX BH IL DN EO JP KQ CY 
XVQ BF CN OP JQ LS EU VY 
XWY BD HN PP OQ LU VY EZ 
XWM AE FN HP LR BU TY QZ 
XXW EF MN BQ LR PY 
XXN EK LM PP QQ NR BU TY 
XZZ EE DL BO JP KQ SY NZ 
XZL LL KN EP CQ BU OY 
XBW BI DL NO HP QT EV AY 
XBX KP AQ BR EV LX SY NZ 
XBH BB DE GN CP AQ IY LZ 
XBM EJ KL FN QT PW BX UY 
XCA CN BO QQ ES PX JY LZ 
XCA LM EO PP KQ BS NV FY 
XDW DE JN MP QU LX BY 
XDJ EK NO GP FQ LR BS AY 
YEA EE BJ LL OP HQ NR YY 
YEK EF HL GN BO KP QU AY 
YGT CL BM JN DP ET QW UY 
YGE BK EL JN FP OQ DY 
YGJ BC GL DP QU NV EW XY 
YGL BB LL JN CQ PV TY EZ 
YGN FP QR NU EV LW BY 
YHQ BJ HL MN KP CQ ET XY 
YHS BJ AN GP ER LS QT IY 
YHX KL MN FP GQ BR WY EZ 
YIN BK MN AP DQ LR ET UY 
YJH AE BO LQ NU FY PZ 
YJM DL KP CQ ER BS NX TY 
YLQ LL DN FP MQ BR ET OY 
YLH EF IN KQ PR BS LU CY 
YLH LS NT BU EV PX OY QZ 
YMZ EE BK NN GP AQ LW YY 
YMC BF IL EM HN AP QX SY 
YNV EG LL PP QQ NU BX SY 
YPR EE IN HQ BS LU PX GY 
YPO EE DN HP BR QX LY 
YQC AE GL DN CP QR XY BZ 
YQK EJ IL DN QU BW KY PZ 
YRQ CE BI LL MP KQ NS GY 
YRW EE BG IL QQ NV RY PZ 
YRW BI GL EM NO PW VY QZ 
YRH DL EO FP NR QU VY BZ 
YSB AE DP QQ LS NW BX HY 
YTC DN LO CQ PT EW VY BZ 
YUS BK EM NR QS PV LX OY 
YUB KL NO CQ ET PU BX AY 
YVE BD FL NO PT EU QV SY 
YXV BK JN PP MQ LT EW VY 
YXF BH IL AQ PR ES NT WY 
YXJ AB EJ CL HN PP MQ IY 
YXM BB EI LM HN AP RY QZ 
YZY HL EM JN CP AQ BT DY 
YZP AE GL MN BO IQ CY PZ 
YAT EE BG LM JQ PS NT DY 
YAT GL BM CN OP HQ ER TY 
YAY DE BJ KL GP QU WY NZ 
YBI JP HQ ET NU LX AY BZ 
YBK NO AP CQ BV EW SY LZ 
YCV KL EM PR BT NV QX IY 
YCV CN EO DQ PS BW FY LZ 
YDL BB CL PP KQ NS EV UY 
ZEA BB KL JN DP QQ ES AY 
ZEA EF LR BS PT NX YY QZ 
ZEN AE IL KN CQ PX SY BZ 
ZFN BD EE MN KQ PX IY LZ 
ZFP BH LL EM IQ PV OY NZ 
ZGI AE BH LM PR QS NT YY 
ZGI EG HL BM DN KQ PW TY 
ZHD CL BM DN IP FQ ES YY 
ZHI BK EO QS LT PW NX RY 
ZJR DE KL CP QS BT NW IY 
ZJS BB MN PP GQ LT KY EZ 
ZJP AB GN HQ PS LU EV TY 
ZKX AB EF OP JQ NW CY LZ 
ZKE AP FQ NR LT BU EW VY 
ZKO BD EE HN FQ PS LV WY 
ZLR CE JL GN MQ PU RY BZ 
ZLS DL CN GQ PV BX UY EZ 
ZLU BD AE GP QQ NR LS MY 
ZLF EE BJ GL HQ NU PX VY 
ZLG EG IN KP QR LS BU MY 
ZMR BD EE LO PP CQ NV IY 
ZMS BF EJ CL AQ PV NW IY 
ZMX AB EF KL OP NS QT UY 
ZMF BG LL JP OQ EV NW AY 
ZOT HN DP QS LT BX GY EZ 
ZOI JL CN QQ BS ET PX YZ 
ZOJ BG EI HP OQ NU LV YY 
ZOJ CE JP GQ NS BU XY LZ 
ZOK EE BG LO IQ NT PU AY 
ZOK GL NN BO KQ PS EW VY 
ZPQ BI NN PS LT QU EX WY 
ZPM EI JP LR QT BU WY NZ 
ZQS BB KL CP QQ EU NV AY 
ZRM EE GN MP LT QV BW CY 
ZSL BF CN JP LS EW HY QZ 
ZTO BB FN EO JP QR LX YY 
ZUQ BF EM LO PR NV QW UY 
ZUT CN OP EQ LU BV DY 
ZUZ BK LL FN HQ ER PV DY 
ZUA BB AE LP CQ NX YZ 
ZUE LO JP GQ ES NU BW DY 
ZUG AB LM CP KQ NS EX HY 
ZUJ BG EK FN AP QT LU VY 
ZWE BH DQ NT LV PW EX MY 
ZYE BK AL NN QQ PS EV RY 
ZYJ HL EM CQ BR PU NX JY 
ZZU BC KL OQ PR ES NU AY 
ZZU BK CL NN DP MQ EX UY 
ZZC EI DN BO PP AQ LT XY 
ZZC EE AN LO DQ PS BT JY 
ZZP AB CL IP EU NV QX OY 
ZAU BM KN EQ LW UY PZ 
ZAU AE LM IN QR PS BW KY 
ZAN EG BM KQ NU PV LW CY 
ZBJ BH JL AN GP KQ EU OY 
ZCX EH BI KL NR PW QX FY 
ZCY CE LO FP QR BT NU WY 
ZCO BB EK CL FN PP QT UY 
AES BD AE LM PP QV NW OY 
AEB BG JL EM DN OP QU IY 
AEF BD JL IN GP QT EX RY 
AEI AB CL KN OQ EW UY PZ 
AFG OQ PS BT LU NW EX VY 
AFI LO GP IQ BR EU NW SY 
AGA BG HL FP IQ NR ET SY 
AGF EK DN MQ LR PS BV JY 
AHW AB IL CN PP ER QT YY 
AHE EI GL NO QQ PU BX WY 
AIE EH CL KN DP MQ BU XY 
AJS EE BG NO HP QT LV WY 
AJN BG EJ FN PR QS LW AY 
AKD EG BL JP NT QV YZ 
AKE AB IN PP ER QT LX SY 
AMB BF LM CP QR NS EW GY 
AMB CE FL BM OP IQ NX YZ 
ANR EE MN FP LR BT QU DY 
AOD BD EG AQ LU NY PZ 
AOD EH DL CN PP GQ BU WY 
AOL EF KL HN BR PT QU SY 
APX AE HN LO MQ BW UY PZ 
APY BG EM LO HQ PV WY NZ 
APM BC EM IN LQ PU YZ 
APM EH CL DN BQ PT FY 
APN HL DN GP QQ BT EV IY 
AQT GL JN BO DP QR EX UY 
ARQ BD EG OQ NS LU AY PZ 
ARA CE FL IN JP BS QW XY 
ASH BG KN OP MQ LS ET RY 
ASK GL CQ BR EU PV WY NZ 
ATA BK CL QU PW EX DY NZ 
ATM KL GP HQ NV BW EX UY 
AUQ CL GN BP ER QS TY 
AVR EI QQ NS BU PW LX GY 
AVR EF MN PP DQ LU BX HY 
AVT BC EM GP HQ LR NU VY 
AVP BD CE GQ LT PV NX IY 
AWA EE AN PP CQ LU YY BZ 
AXQ BI KL DQ ER PW NX JY 
AXF EH LM IN PR QS BX GY 
AYE BB DE CL AN FP QV GY 
AYM BB EJ KL NN PP QX UY 
AAR BD EG HN FP QR LU CY 
AAX HL MN PP GQ BR ES KY 
33128299 chars in 279 seconds
