
C:\source\ENIGMA~1\RELEASE>enigma_cxx UUYEXEVGIFE OLFNULLNULL 
Testing 1 2 3
EVS EE OJ PN RG SF TL UQ VC WI XA YK 
PLO IE ML NB OO RG SF UH VP XJ YT 
TUW FD LA OJ RI SN UG VQ XT YY ZE 
TWJ FF GG MI NH OO RL SE UQ VC YB ZX 
Testing 1 2 4
BSS EE JI LB RF SO TG UH VA XQ YP ZN 
GTN HF IB LL NA QE RO TG UM VD XS YC 
OGQ EC LK NG OB UD VP WF XX YH ZI 
XJV II KE NN OA QL RG SF UM VT XW YH 
Testing 1 2 5
ADS JE MG OH PL QI RF UK WV XS YY ZN 
FBV GA LC ME NN OJ QF RI UU VK XH YW 
PYO HE IA LB NF OD RG VV WU XJ YT 
QST HG LJ NM OA QF RI UE VC XT YP 
WWL FC GA II NJ PO QE SL UU VD YM ZX 
WDM ID LK PO QE RG SN TF UM WV XH YY 
XTT FA GG ND RI TE UB VL XM YP ZO 
YNP EC FB GD LI NM OA VH YU ZX 
Testing 1 3 2
BAY IF MG OK PE RL VA WN XU ZY 
IVF EE HG KI ML OO SN UC VJ XT YD ZF 
OGO EC II KF LL NB OO UD VQ WG XA YT 
SET FB GD IA LH ME OO TN VS XP YK ZU 
XBO II LC MF ON PG UR WE XQ YJ ZV 
ZFI ED KI LL NN OB TG UA VJ WF XC YQ 
Testing 1 3 4
EQU FA MI NC QL TG VP WO XX YU ZE 
FIT FC GA LK OE TI VV WN XS YY ZU 
KCE FB GG LK OC RI UH VV WE XS YT ZN 
Testing 1 3 5
DUC EE KG NM OD TL UP VC WF XQ YR ZI 
IAL IB JE KG LD NC QO TF UU VR XA YS 
IFB EC IH LJ ND OK QF UG VR XA YP 
ROL FF IA KG LB OC QE UT VV WN XJ YM 
TLX EE GG ID NC OL PF UB VV XK ZY 
WLL GG IB LA NH PE QF TO VD XX YW ZU 
Testing 1 4 2
CCK FF KI LG NH OC UB VE YD ZX 
DBD FD NJ OO PL QE SI UA VC WG XM YR 
DEQ FF LA NB OC PG QE UK VV WI XD YH 
FWB EE IB LL MF NC RO UJ VS XX YH ZG 
GTW GG LL NA OM QI TF UP VE XC ZY 
HBM EA GG LL MF SN UT VP WI XJ YO 
IXG EE FF IH NB OG UC VT XS YL 
QSN EE FC GD KI VN WL XO YJ ZU 
RLA EA LF OM QI RG TN UC VP XW YB 
YRF II ME OB PN TL UQ VK WG XS YY ZF 
YTO IB LH NN OJ RG SF UU WE XM YC ZV 
YDV EC FA GG IH ND OB UP VQ XS YR ZL 
AYG EA GD NB OM RF TI UK VH WL XC YY 
Testing 1 4 3
HQO EC KF LL MG OA SN UH VQ XD YR ZI 
UNN GE HF IC NB OM SL VA XD YY ZU 
Testing 1 4 5
JOT NN OH PE QI RL SG TF UM VB XK YY 
LXV GB HE ID KF LL QN RO US XC YA ZV 
SIF EE ML OF PG UN VJ WI XH YB 
WKS KG LD MI NB PE SO TF VR XQ YC ZU 
Testing 1 5 2
BTF FF LK ME NN OJ RI TG US VB XW YC 
JLU GA KF LL ME SN UB VC WI XX YO 
OGJ FA GE II LL OM TN UC VJ XX YK 
Testing 1 5 3
EWA EA NH PF TO UD VL WI XJ YQ ZG 
LRO GC HF ID ML PN QE RO VS WU XA YT 
TOP FC LG NB OM PE UT WI XX YK ZV 
UZT EB LK MF NN OJ QG UP VH XI YT 
Testing 1 5 4
OQT FB HE IG LK NJ RO WV XD YM ZU 
SEW GG OJ PI QN RF SE UK VH XL YB 
SMS GE IB LK ND OJ TF UP VV XH YR 
TEO ED IG NF SO UJ VV XH YA ZL 
YNG II JF MG NK OB QL SE UC WV XA YY 
Testing 2 1 3
BBK FC GA ID LK OE UR VT XN YM 
DUF GB IH LE PF SN UM VQ XO YT 
FZO ED FC MI QO RN SL TG UB XA YP ZV 
IMU FB HE LJ PO SI TN UQ VC WG XX YK 
JJZ FD GA HE OM TL UP VB WN XX YC ZI 
ZBB EA FF KG MI OC QN SL UR VJ YW ZX 
Testing 2 1 4
EFN EB II NL QO SF UU WG XX YT ZV 
GWU EE LB OD PN RI UQ VH WG XC YK ZF 
MIJ EA GB NN QO SI UU VL WF YY ZX 
SDY II LJ NC PO QG RF SE VU XT YK 
YNN GD ML NC OH PF UU VT WI XK YS ZE 
Testing 2 1 5
XDL GG II LL OH PF QE UA VN XX YS 
Testing 2 3 1
MLF GD HE LL NA OM TF US VV XI YP 
RQE EA HG LL NK OI UF VR XC ZY 
Testing 2 3 4
CWN EE LD NC OH PF QG SI UM WV XX ZY 
FUL KG LL NM OC QF UA XI YE ZV 
KLN EC IF KG LD NA PO UJ XV YM 
UPC EB JG NK OA RI TL UU XX YV ZF 
XYC FD IA LB OC PG RN TE UU WV XQ YS 
Testing 2 3 5
EJJ JE MF NB OC SL UD VG XT YH ZI 
QUN EB FD NA OK RG SI TL UU VJ XP YH 
TUI NC PI QF RL TE VG WO XU YD 
Testing 2 4 1
JZC GC ME OB PN RF SL UT VV XW YJ ZI 
KRO IC JE OA RG SN TF UB VD XP YL 
MRO FD KI NG OE RL UU VP XC YS 
PXJ GB JI KE LH NN QF UM VO XS ZY 
QLO FB GG ID ME NN QL UC WO XR YT ZV 
VLR EE FB LD SI UR VN XW YG ZO 
Testing 2 4 3
CTC HE II OA TN UG VV WF XM YR ZL 
FRD EC GD KF NN OA SI UT VL XQ YR 
GTR FC JG OH PN RI SL UT VV XD YB ZE 
MUG FC HE NN QG TI UO VJ WL YX 
MIT GD HE ML NF OA VB WI XU YP 
NIU EC II NN PO QL SF TG UA VV XB YY 
QLA GC HE II LB OD QN UP WV XS YR ZF 
SME HG II NB OK PL VC WU XE YJ ZF 
UPX GA LK NJ OI RF VD WE XX YQ ZU 
AXX EE JF KI LA NN OB QG UR VT XH YD 
Testing 2 4 5
GXU FD LB ME NN OH QG UI VS XW YJ 
GXX II JE LB NC RF SG UU VD XH YW ZO 
APF FA NB QL SI TO UK VM WE XJ YR ZG 
Testing 2 5 1
HGN FF KI NL OC QE US VB XW YH ZG 
Testing 2 5 3
CJN JE KI LA OM PG QF VN XD YT ZU 
EEO HF LJ NK OB RG TE UP VI XS YM 
ITU IB JE LH MF SN UC VQ WO XA YK ZG 
JYN EE IA NN PF RL TG UB VQ XX YD ZO 
VRL GD IB JE LF NM QO UU VT XR YW 
ZFL EC LH RN SF TO UQ VK WI XA YP ZG 
ZXZ FF GA LB NN OK PI UM VQ WE XS YT 
Testing 2 5 4
KGK FB KE NH OM PL QI UG WV XS ZY 
KMJ EC IB ND OK RL SG VF XU YW 
Testing 3 1 2
ADT EB FF IC LJ OO QG SN UT VM XR YY 
JDI EA JG NM RL SI TO UC VF XP ZY 
KAU IB KF MG NL RE TO VS XW YC ZU 
QND EA KG OO PI RF TN UM VB WL XQ YY 
TLO ED GA NL OO SI TF UQ VJ XW YC 
YUG GD IE JF LC NN OO UT VA XX YY 
Testing 3 1 4
BLL EB JG LC OA RF UP VT XH YI ZN 
CEC GB HE II KF NC UJ VS WO XM YL 
GCT LH OC QG RF SE TN UK VA XD YY ZI 
NPL GA IH LL PO SN VQ WE XU YF 
TTQ EB GC LA NH PI SF UK VM WO YQ ZX 
TWP HE IC KG LD NN RF TO UJ VP XB YQ 
TYG FC GB II LL NN RO SE WU XH YQ ZV 
THQ EC GG II LK NJ OD UT VH WF YX 
WOS EE LH NM OK PF RI UT VJ WG XX YA 
Testing 3 1 5
DSA LC NN OM PF QI SG UU VT WE XX YY 
FOK EE FF GA IH OJ QN UR VP WL XK YD 
GAT FD GA LL ME NN OK SI VQ XJ YP ZU 
HJH JI KG NN QF SE UR VC XB YO ZL 
NEW GE KI OO QF RN UA VP XM YH ZL 
RDC FF ME NK OJ PL QG TI VD WU XS YY 
WQU II JF KG LB OO QE UN VT XS YM 
Testing 3 2 1
JJK HE JF OA PI RL US VB WG XN YK 
PEF EE HG KI NN PF RO TL UA VM YC ZX 
PLX IE JF LA RO SN UU VB XQ YD ZG 
PXA GC IA ML OD RF UT VH WE XB YY ZN 
RPF FF GB HE LK NM OO TI UD VJ XQ YS 
Testing 3 2 4
HIZ FC II JE LL NM SG UU XO YA ZV 
NHC ME OG QL UH VS WI XF YD ZN 
PAL IC LL MF NK SO TG UU VV WE XX YB 
UOO EB IH LC PN RG UF VO YS ZX 
WEK EC JG ON PF RI TL VQ WU XX YH 
WPQ EC FB GD NH OO QI RL UP XV YW 
AIE HG IB KE NM PF QL TO VU XC YW 
Testing 3 2 5
BBA GC ID LH NN OF QE UT VS XJ YP 
CBI HE II KG OC SL UA VN XW YQ ZF 
QCZ EC FF GA LH NM OO UR WI XQ YD ZV 
Testing 3 4 1
KEM FB GA LJ ME ND OO VT WU XC YH ZI 
SLL EE II LJ QO RG SF VC XM YN ZU 
XUX ED GG OL TI US VK XP YN ZF 
Testing 3 4 2
IUC FC JI OO QG UE VK WL XA YY ZN 
JZD EA JI LH NN RF TO UU WG XM YV 
SMD NJ OC QE SI UA VT WG XL YD ZF 
TDY II JF LA ME NH QG TO UB XD YW ZV 
Testing 3 4 5
DDS EB LC OF QN RG TI UP VS XM ZY 
FSR EC IA OD RL SG UK VV WN XX YY ZF 
JKM LK MI NN OD SE UC VF XJ YW ZG 
MIS EC LH NK OA PI SG UU VV WF XT YQ 
QKS FF IH JE LL OD TN UR VG XW YC 
XBZ ED IH SF TL UU VJ WG XB YO ZN 
YJY EB FC NI OA PL UD WV XQ YG 
Testing 3 5 1
BNC FF GG LH NB QO UE VT WI XM YY 
CUB IB JE NA OD PF QG UC WL XK YS ZV 
GGE KI LD PE RF TG UM VO XJ YN 
GNC EC ML PF RN SG TI UU WO XB YQ ZV 
HFN HE KF LL PI QG RN UC VA XM YS ZO 
KDO ED JI NN PL SO UU VF WG XQ YM 
NOD GC ML OH PN TI US VB WE XD YK ZF 
QVZ IA MG NN RF SL UE VH XK YD ZO 
ROO HF KG NB OJ PE TL UD XC YI ZV 
XLM EE LJ MG NI OD TF US VA XK YY 
Testing 3 5 2
FCJ FA KE NB PO SL TI VJ WU XM YQ ZG 
FUB EE HF IB LL MG PN RO UU XX YK ZV 
JVJ FF ID ME PG RN TL VC WU XB YY ZO 
KNB FE IA PG QO SN UD VB WL YC ZX 
LOX ED GG JI LB PN RF SO UT VA XC YW 
Testing 3 5 4
FMV FF IH LJ ME QN RO UP VK XA YT ZG 
GXY GG KI LC NM OD RE UQ VA WF XS YJ 
GXH FB II NG OM RE US VQ WL XJ YK 
LFL EE IC KG LB RO SN UA WF XX YH ZV 
OKH FF LL NH OC QG RE UB VD WI XJ YT 
SWW FA GG KI PL QE TO VS WN XB YR ZU 
UGK EA GG KF ML OH SI UQ VR XP YN 
XKT HG II JF OM RE SN UK WV XQ YL 
Testing 4 1 2
TIH ED FF HG IC NN PL SO UB VQ XW YM 
VLJ IC JE KF OM RG TN UL VV XB YQ 
WJH ID JE KF LL PO TN UQ VC XH YW ZG 
YYV FC GG IH KE ND OB SL UR VA XJ YQ 
Testing 4 1 3
CYE FA GB NJ OH PI SE UM VT XX YD ZL 
HDB HG JI KF ML SE TO UC VA XX YY ZN 
Testing 4 1 5
MUE GC NF OO QI SE UT VB XJ YM ZL 
UXP FC MI NN PG TL UB VE WO XK YA 
WBW FC IB KE MG TN UO VA XJ YD ZL 
Testing 4 2 1
FDV HG II ME ND OC RF SL UB VK XT YY 
IJX EE KF LC MG PI RN UO VD XW ZY 
IXK HG JE NA QI UO VT WL XX YR ZF 
IBX EB JG NM OH PF QL TI US VR XD YK 
LFO IA NB OD PE QL UK VG WF XS YR 
NUZ IC LJ NG OE SF UB VP YK ZX 
TWT FF GC OO PI QN UK VH WE XM YB ZL 
WDS FB LJ PI RE SO TN UU VM XC YY ZG 
YIA FD II LH OA SG UK VM WN XJ YR ZE 
Testing 4 2 3
BEJ FF HE LC MG RN SO TI UU XK YA ZV 
HGO EC GF IA OJ RN TL UQ XX YP ZV 
HNE HF PG RI TL UJ VC WE XQ YO ZN 
IPT EB FD GA OO PI UQ VS XM YL ZN 
IYE FC IA JE LG OM TN UP XS YY ZV 
NZI GF LL PI QE UB VD WN XH YA ZO 
SOD GB II OH QL SF UC VD WN XR YE 
SBG II KE ML ON SF UA VD XT YQ ZG 
ZRJ ED FF JG ML NB OO QI UT VP YA ZX 
ANF FE GB ML OK RI UA VP WN XS ZY 
Testing 4 2 5
FLI IA LC MF NK PG RE TO UD VB XW YS 
HZW HE ID LG OM QN UU VC WF XA YB 
JCR IG JF ME OA QL SN UU VH YW ZX 
MWB EB GD IH ML SF TN UO VJ XR YC 
NSY EE FB GA NM PI RL US VD XW YT ZO 
XHJ LA ME PO QN RG TI UC VV WF XK YJ 
Testing 4 3 1
FGI EC II NN OD PF RL UB VK XX YS ZG 
KTK FF JI NN RO SL TE UG WV XX YH 
YBS GD IC NM OH QL SF UB XA YV ZE 
Testing 4 3 2
AKU FC GG II LL ME NN OA UJ VH YQ ZX 
CQR FF II LH NC QG SO UD VM XW YP ZE 
Terminate batch job (Y/N)? 