
C:\source\enigma_cxx\RELEASE>enigma_cxx THERAININSPAINSTAYSMAINLYONTHEPLANE ZXRQNLEAWAGHZFRDNVCZRKDUXMPHRHGUWZL x...x..x.x..x..xx...x.x 
Testing 1 2 3
HQM AE CT DD IP LR NU OZ SX 
ILD AP DD FZ IV NY QT RR SU 
IQX AB DY IM KZ LR NQ SW TT 
IRN AA DU EI KN LZ RT SV 
KHF AY CS DK FI GN RV TU ZZ 
NGK AX CR DM ES IO JT LN YZ 
OMF AK BI DL ET NW QZ RR SV 
OVN AK CI DV FT HZ LN RR SU 
PCE AB CI DO EZ JT NX RR SU 
RHB AJ DH FR GT IX KS NY WZ 
RIM AX BN CD FI GS HR KZ MT 
SVY AO BT DV EZ II KR NU SW 
TSE AB DQ FI JR KN SZ TX 
UBV AD ES GZ IK JT NX RR 
VFD AE BD IY JN KT LS OZ RR 
VGH AL CD FI GS HR NX OZ TT 
VMV AF BS CT DK EI GZ LN RR 
Testing 1 2 4
AAI AJ BN DL GZ HT II MS RU 
FTQ AK CT DU IO JS NY PR QZ 
JSX AA DO FI HT JZ KR MN SV 
KNK AS BI CR DF EN TY VZ 
KTA AJ CS DO FR IV NU QZ TT 
LYY AY DQ FT IX NU OZ RV SW 
MFB AP BZ DX GS IK MN RR TU 
PYW AE BR CT DD GS IJ NN UZ 
QXM AB CN DF IW KR QT SS YZ 
TIS AX DT GZ IQ JN KS LR 
UKY AB DN FZ IW JT OS RU 
VMR AU CT DL GI HN KZ OR SX 
VAD AP DJ ES FI KN LT RZ 
WIG AB CR DJ GZ HS IU LT MN 
XUG AJ BI CD FR HZ NQ SX TV 
XBJ AK CZ DX II JN MT RW SY 
YRI AG CS DK IO NU RV TT ZZ 
YVM AU DO GI JN KS MR TX ZZ 
YXS AB DF ER GZ HI JS NP OT 
ZMY AO DU ER FT GZ IV MN SS 
ZBO AU BN DM GR HS IY JT WZ 
Testing 1 2 5
CRP AH CN DU FT IO KS QZ RW 
EZC AE DF II KR NS PZ TX 
GZE AD II LT NZ QS RX 
KHL AK BS DU FT HR IX NY PZ 
OHZ AE DP II JR LS MN OZ QT 
PIG AX BN CT DY EZ FR IP SS 
PUV AO DQ EN IM RR SS TX ZZ 
QNY AF DM ET GS IJ NN OR XZ 
QSU AL BZ DY ET IP JN MS RR 
RUP AY DM FI GS JR NW TT UZ 
SZC AW BN DD IK MS PZ QT RV 
VTR AK DJ GZ HI LN MS OT RU 
XCJ AW BD ES HR IX NN OZ TT 
XCV AP BZ DD EI JS MT NV QR 
Testing 1 3 2
BBI AE BR DF GS II KN TZ 
GAR AG BN DV IZ JT OR SX 
JRT AC DQ GS IL JN MT PZ RU 
JUB AF BD IW LZ MS NO QR TX 
MSF AS DD EZ HT IQ MR NU 
NYI AF BT DD EI KZ NU PR SV 
NBU AP BD ES FT GI NY RU WZ 
NHK AP DJ ER IM NN OT QZ SV 
OBR AV BS CR DK EZ GT IU NY 
PIG AO BD ET HR IL JS KN PZ 
QGZ AA DM HR IO NQ SY TX UZ 
QMK AR DD EZ IJ KS NX TW 
QPK AL DM FZ IQ NU PS RT 
RBX AX BZ DV GI JS NN RU TT 
TQP AR BZ DE IO NX SY TT 
ULM AP DO HT IM JZ NN RY SU 
UUX AU DY ER FI JT NO PZ SS 
ZLD AM DD EI FR GN SV TY XZ 
Testing 1 3 4
AME AM BI DJ GR LS NN OT PZ 
CDH AG BT CN DH EZ FR IU SV 
DQQ AX BS DD ER HT IM NU ZZ 
EWN AX BR DN IU QT SW VZ 
EZA AG DU IM JT NX RV SY WZ 
EDT AQ CZ DU GI JT NY RV SS 
EMF AU BN CR DE IV KZ PS TT 
GGA AJ BR DM FI GT HZ NO SV 
IAP AY CT DK EI FR HS NU OZ 
IFJ AS DW IK NY RX TZ 
JBD AQ BS DU HZ IW JT LN RY 
NOU AA DH FZ IX MN RW SU TT 
OWW AA BN CI DY OR QZ SX TV 
RCU AA DJ FZ GR II MS NP TY 
SMK AI CN DW MS PZ RU TY 
TUT AO CD FT IW JN LR MZ SV 
VER AA DQ HN IO KR LZ SW TT 
VJS AJ DD GI KT LZ NN OR SW 
YNM AB DO GZ HR IY LN MT SU 
ZXU AE CT DF HS IX KR LZ NY 
Testing 1 3 5
BWE AX DP ET GS IY KN RZ 
GDM AP CT DK EN FS GR IQ JZ 
GQQ AA BT CZ DV IL MR NP SU 
HWG AX DW GS II KN LZ PT RU 
IXV AZ CN DP ES HT IQ RV 
JJV AF BN DP IQ JR SY TT WZ 
KKN AQ DF GR IU JZ NY SS TV 
MKB AB DJ FI GN RV SX TT ZZ 
NPA AQ DV GN HI MS RU TZ 
POG AV DE IW JT KS NN PZ RY 
PSI AW BN DE GT IM LR PS QZ 
RYU AJ BZ DL HT IU NV RY SS 
RYY AJ BZ CD IL NY OR SV TW 
UNE AJ BS CT DM EI GZ NN RU 
VCA AK CZ DD II NO PR SV TT 
WZR AV CT DD FI JR NN OZ SX 
XMD AY BS CT DV GZ HI LR NP 
ZWK AQ CR DJ GS IX LT NN WZ 
ZWS AJ BD EZ FT IL NY OS RU 
Testing 1 4 2
DSU AV BT DY IJ KR NQ OS UZ 
EPK AX BR CI DE GS MZ NY TU 
GCO AQ DK ER HI LN SX TY UZ 
HWB AJ CS DQ GI HN KT RX ZZ 
HBQ AM CR DY EI HZ LN SS TT 
MBE AJ BS CI DP HR LT NX VZ 
NSA AB DJ GZ HT IK MS NP QR 
NDX AV DN IU JT MR SS ZZ 
PWD AL CN DW ER GZ IY QS TU 
QNN AH BS DF IM KZ LN RW TT 
QOP AZ DO HR IT KS NV 
ROD AO BR DM EN FZ GI JS QT 
VKM AU DH IJ KN MZ RX SW TV 
VMA AE BR DQ FN GT IM JZ SV 
VIJ AY BZ DJ FT GS II NU RW 
YZW AU DE GI HN KR LT SY ZZ 
YAW AO DG FS IV MT NQ RR UZ 
AQI AX BT DD EN IJ QZ RR SU 
AWH AK CN DL HS IU MZ OR TT 
Testing 1 4 3
CFM AH BN DU ET FI JR LS QZ 
IEO AN DU GR IJ PS TX WZ 
JPN AQ CD EI HS LZ NY PT RX 
MTG AU CR DJ ES GN IV LT YZ 
NEL AF DV IO JR NX PS QZ TW 
ORZ AG BS CZ DP ET IM NQ RX 
OWT AU DP FR IQ JS KN LT VZ 
OYS AG DV ER HS IW NU OZ PT 
REW AK CZ DD IW NN RS TT 
SLX AK CN DS IO LT MZ RR 
SAX AK CR DY FZ HN IX MS TW 
TRB AM BT DK GI HN OZ RY SU 
TDE AM CZ DJ EN FR IV KS TX 
ULQ AB DP HT IM JS NR UZ 
VNW AD GS IU KN QT RY WZ 
VDZ AW BZ DJ EN HI MT PS RR 
WWM AA CR DG FI KS MZ NN TU 
ZSC AF BS DE GN HR IJ TU XZ 
AOY AQ BR CN DG FI SU TX YZ 
Testing 1 4 5
AGT AE BD HT IL NY OR PZ QS 
BGR AV CN DQ GZ HI KT LR OS 
ELQ AX DQ GT II JZ MR NO SS 
GVM AB DF IP MT NX OR SW ZZ 
KQX AF BN DH GZ IP RW SS TT 
LZP AX DY IJ LZ MR NU PS TV 
MDH AY BR DO ET IK JN LZ PS 
NST AY DK EI HN OZ RR SX TU 
PVM AV DE GT IQ MN OS RX ZZ 
PGX AP CN DU EZ IM KT LR OS 
QHF AQ DH ET IK JR NU SS WZ 
ROC AU CT DH IM KS LZ NP RY 
SGL AD CZ EN FT IQ KR SY 
ULN AX DS FT HZ IM NQ OR 
UMW AT DV IY MS NQ OZ RU 
WPB AC BT DG HN IK QR SU VZ 
ZKU AP DJ IV LS MZ NO RR TY 
ZQE AT DK GR IV MS NW UZ 
ZHF AA DH GS IY JN KT LZ QR 
Testing 1 5 2
AQN AG DI EZ LS MT NP RU 
BJJ AY CS DO HN IL PR TU XZ 
BLV AU BR DG HI JS KZ NV TY 
CYU AJ DI FR HN MT QZ SV 
FFZ AC DP HZ IJ MS NN RY TV 
GUN AU DQ HS IO JZ NN RR TT 
QSX AC BI DD JR NV SW TY ZZ 
REP AB DK HS IM JT NQ RW ZZ 
RHB AL CZ DT FI NN QS RU 
RWM AU BD CZ II LN MR SY TT 
RZF AO BZ CS DG IJ LN RW TX 
UQZ AW DU IM JT LR NX OS VZ 
UWN AG BZ DJ ET IW NN PS RY 
Testing 1 5 3
AGX AA CD ET IW KN MS RU XZ 
BJL AK DY FS IU LR NQ TT ZZ 
DYB AJ CI DV HS KZ MN RY TX 
EKV AV DU ER IJ KZ LN QT SS 
EPS AF BZ DU ES IO LN PR TT 
FVF AU BZ DQ GS II LN RR TT 
FYT AG DW ES II KR NP QZ TT 
GPZ AO BT CR DH IM LZ NV SS 
GQH AL BS CT DD IV JZ NX RY 
IHC AQ BZ DK HS IM JT NP RX 
KRF AB CN DF IT LR OZ SS 
KRH AL CN DD GZ IW KT RR SX 
RYK AO CT DV GS IW KN LZ MR 
TQP AV DL GN IP KT OZ RY SX 
TRB AP DW FR IL MT NN SS VZ 
TSO AU CN DW GZ IK LT OS PR 
VMX AW DD ET HR IL JZ NQ OS 
XHJ AB CS DX EN GR IY KZ MT 
XSW AC DK GZ IL MR NY OS PT 
Testing 1 5 4
BHT AV BZ CT DJ IM NP RU SW 
BPM AQ DU GI HZ NY OR SS TV 
BWT AV DN FR HZ IK OT QS 
DVI AO CT DQ HR II LZ NU SS 
DXK AV DF EZ IQ NP RU SX TY 
ENN AC DW ET GN HS IQ KR MZ 
FXL AB DD FZ IK JN OR PT QS 
HYJ AF DH EZ IL JN KS OR TU 
IWD AG DM HN IJ KR LZ OS TU 
JNV AV DY ET HZ IW LS NN RR 
NKV AE DH FR IY LZ NO QT SW 
PMC AJ CN DQ IW KZ MR SU TV 
PUY AU BZ CN DH IJ KR MS PT 
TBC AA CN DU EI KS LT RW ZZ 
TDD AQ BN CT DV ER HI LZ SX 
TPJ AG DH ER IO JS NQ PZ TU 
VCP AK DM IQ JZ NW OT RV SS 
VCV AL BZ DY FR IW NN SS TV 
XVS AG BN DU FZ HI MR SS TX 
ZMK AV BD GZ II KT NN PR SU 
Testing 2 1 3
BKU AA CT DS FR IK NX ZZ 
BNI AL DQ FZ GS HR IP JN TU 
CYE AP BN DV ER IK JS OT WZ 
DBM AC BD GZ HI LS MT NR 
DCR AK CD GT HI JZ MR NU OS 
EXS AQ DF HZ IV JS MT NW RR 
EGM AP DK GZ IY MT NN OS RX 
EPN AF BS DV IQ JZ NW PR TX 
GXF AF BT DY HR IW NZ SU 
HVM AJ DH EI FN LZ PS RY TX 
HWJ AM CN DH IX LT OZ RY SW 
MXY AK DL FS GN IX JT OR VZ 
MEU AA BR DU GT IK LS MZ NY 
MMQ AK DV FN GR II JT OS UZ 
NZW AJ CS DN IY KZ MR TW 
NKH AJ BS DV ER IL MZ NU TY 
OTI AW CD FR IX JN PT SU YZ 
OHU AY CT DH ER GS IQ NU VZ 
QUS AA BN DF HT IM OS RV YZ 
QVZ AG BR DD IN PZ SX TT 
QDZ AE BR DD GN HT II OZ SS 
RPR AG DY EI JZ MR NU SV TT 
TTK AK CT DP HI MS NN OZ RU 
WXQ AC DX ER IS LN QT YZ 
XET AP DL EN IX MZ QS RY TV 
ZEC AQ DD GT IW LZ NO RY SS 
Testing 2 1 4
BHU AK CZ DY GR II LN OT SW 
DXP AW DL FN IT RR SY VZ 
DAV AX DD FI HT KN MZ OR PS 
ECB AE BI DO GT NW QR SX VZ 
GGH AO BN CR DU ES II JT QZ 
GHR AY CS DE FN HR IV MT QZ 
IHD AO DF HS IM JZ NQ PR TY 
IIL AF DW ET HS IY KZ NO RR 
JTL AF CR DY EI KZ LT NN SX 
KBS AC DX IP KN OZ QR SS TT 
KLR AX BS DD HZ IQ LR NY PT 
LIM AU DD IY KT NN OS PR WZ 
TWT AA BD CZ EI GN JS MR OT 
USE AX CD EZ HR IJ KT MN SW 
UZK AK DX EN HZ IY JR MT PS 
VNJ AA BR CS DQ IL MZ NW TX 
WJY AG DW FT IS NX OR VZ 
XJD AP DF GS IM JT NY RV XZ 
Testing 2 1 5
BNI AB DW GS HZ IU LN RY TX 
DOV AH DM ES IY KN LR TU XZ 
FVW AY DX GN HR II JT OZ SV 
FWA AU DD ET GS IX JZ KN MR 
ICL AM DG IJ KT LN OS RU ZZ 
IOD AE DY GR IU JT NV OZ SX 
JZF AY BT DK FN HS IJ LZ RU 
KSK AO BR DQ HS IV KZ MN TW 
LGA AM BS DU EZ GT IY JN RV 
NAO AH DQ FT GS IY KR NW XZ 
QWB AP DX EI FT JR NO SV ZZ 
QZI AC BR DE GI MS NY TV WZ 
SGI AA BR DX FS GI NO PZ QT 
TSJ AZ CT DJ EN IW KS MR 
VOK AV DQ FT HZ IO JR KS NN 
XWU AW BD FS GI KN OR TV UZ 
Testing 2 3 1
BCR AU DD EN II KS LZ MR TX 
CMF AE BS DL GN IK JT MZ RY 
DAB AV CT DX FS IJ KR NQ YZ 
DRJ AH CD FZ GR IU NN PS TX 
EEQ AH CD GN IL KT MZ OR SU 
KEG AX BT DL GI NN PR SY UZ 
KHK AG DO EN HT IK RV SS WZ 
PZX AF DP HN II KS MZ OR TY 
RFN AK DL EI GS HT JN MZ RY 
SIO AC BN DD ES FI HZ RU TW 
SLW AF BI CD GZ MN OS RY TW 
ZTD AA DO IX JR KS NT WZ 
Testing 2 3 4
AJY AW CR DF HS II JN TU XZ 
AUQ AM BI DW HZ NV PT RU SX 
BWO AW CI DP ER GZ KN SY TU 
DJB AQ CN DL II JS OR TU XZ 
EFU AF BT DD EI GN RW SU XZ 
ERB AX DG FS IL NO PR QT VZ 
FAM AU DF GT IK LN RR SW ZZ 
KEY AL DH FS IU NX RR TV ZZ 
KHL AG DX FT IJ LZ NO QR SU 
LCJ AW BZ DK FT IU NY OR QS 
MJU AO DQ IX JS KR NN PT YZ 
NCL AW DD GN IV JR LS OT XZ 
NNT AY CD EI GS JN LT RR WZ 
OAL AX BT DK EI HN LZ MS RY 
OFE AP DQ ER IV JZ NO SX TT 
PEC AP DD FI HS JN MT RY VZ 
RJI AA BR DF HT IW MS NX OZ 
ROX AL DG FT II MZ NX RR SY 
UFN AY DG EI LT MN OS RR XZ 
UHK AH DY ER IO JZ KT LS MN 
WZE AI CD JR LN OS TW VZ 
WPH AL DY FI NP RT SW XZ 
YDJ AC DY FZ II JN MR QT SS 
ZYB AV CI DD ER JT LS NQ XZ 
AZG AW DM EI FT HZ JR LN PS 
Testing 2 3 5
AIK AE DG IJ NW PZ RR SS TX 
AQA AV CD EZ FI HR NT OS 
HRO AV BZ DF HT IM NU RY SX 
ILP AB CT DY GS HR II LZ NQ 
JFP AP DJ FS IV MZ NO RR TT 
KFS AV DL EN IW JZ KR QS TX 
KJI AC DM GZ IV KN PT RR SY 
LKN AG DF HS II KR MN PZ TX 
NLP AW DE GS IX MN QT RY ZZ 
QRS AG DL ET FS IX JR KZ NV 
QSK AP CD GZ II JR LT NN QS 
RPS AX CI DL GS KT NO PR YZ 
RUV AP BD CS HN IU RX TV YZ 
TFO AA CD FN IW LR MT SS UZ 
UWY AF BT DG EN HR IM OZ SU 
UNC AX CR DM IQ JZ NP OS TT 
ZOL AX CS DF EZ IY KT LN OR 
Testing 2 4 1
ACN AU CS DP EN IX KT OZ RR 
BVU AX BR DU IO KN LT SV WZ 
BXF AJ DY IU NQ PS RW TX VZ 
CFL AM BT DX HZ IQ NP OR SV 
DID AQ CN DE FT HR IM LS WZ 
GKZ AX DK ES FI GZ JT NY OR 
GGQ AC BD EN HR IK SS TV ZZ 
JLT AO BI DW HT KS MR NP YZ 
MCT AL DE HZ IU KN RX SS TY 
MEF AB CR DD GT IY NN SW VZ 
PWB AO CN DY IW JR KZ LS PT 
PZB AY BD CT FR IV MN PZ SU 
SZV AC DX EN IM KR SS TT ZZ 
SEF AG CZ DV ER IM KN SU TX 
TYW AF DU GR HT IJ KZ NW SX 
VTJ AV BR CT DG FI HN PS UZ 
VTK AA BD GR IL KZ MS NO QT 
VCQ AL CN DD FS IO QZ RR TW 
VGD AL DU GZ II KT NW OS QR 
XMP AO BD CT GZ IP NX QS RW 
Testing 2 4 3
BOI AW DP GT IL JZ NO RU SY 
BZU AX BN CS DY IL PT QR VZ 
CAR AW DO FZ HI NN QT RY SX 
DOC AQ CN DG IV JS MZ RU TT 
DZG AK BZ CN DP IT MS RU 
GIW AX CN DO IW LT RU SY VZ 
HPM AY BN DX FI GZ LS QR TT 
HRC AA CT DV ER IK JS NN PZ 
IBL AB CN DS IO KR LZ TU 
KEP AE BT CS DH II LN OR XZ 
MWQ AH DG II JZ KS MR NV TY 
OOA AO DG EI LN PR ST YZ 
OOF AW CN DL GS HI OZ RU TX 
QAL AC BI DG HN MS RV TX YZ 
QCI AC DS IO MT NN PR ZZ 
RAO AV BD CZ ER FN IX KT SW 
VGM AQ DV GI HZ LN PR SU TT 
YPG AA CZ DH IW JR LN SS TT 
YBN AG BT DJ EI FN OZ RY SX 
ZZP AG DD IY KT LN PS QR XZ 
ZAL AY CS DP GI HT JZ KN QR 
Testing 2 4 5
AED AY BI DQ ER JN OS PT XZ 
CPJ AK BZ DP IW LN MT RR SS 
CXS AP CN DX IJ RW SY TT ZZ 
CHQ AA DM ET GI NV OS QZ RR 
DXM AB CZ DL FI NP RR SS TX 
EWN AL DW GT IV NS RU XZ 
EDI AQ DD FR IX KS MZ NO TW 
FRE AX BZ DV ET GN IW PR SY 
IKI AJ BD FT GN IW LZ QS RR 
ITB AB DE GI HR NX SY TT WZ 
IBB AF BZ DM IK LS NO PT RU 
JWF AC DG II JN KR LZ SX TT 
KON AU BN DP EZ IY JT MS RX 
KCC AQ DU IM KS NV PZ RY TT 
LEH AU CS DP FR HZ IQ JT NO 
MVB AA DY ES FT GI NO RW ZZ 
MYZ AL DX ER IV NU QT SY ZZ 
OHY AM CZ DL GR IW NU OT SV 
PFE AL DW FR HS IM KT NP VZ 
PHP AH CZ DY GT IW NO RV SS 
QCA AP DF EI GT KR MS NQ UZ 
RMW AF BR DO IY JZ NN SX TT 
SMK AL DG EI HR NV PS QZ TT 
TAA AH DW GI JN LT OZ QR SU 
TIJ AV DK FS IO LT NU QZ RY 
UKG AZ BN DW IP OR SU TT 
VLW AJ BD CT FS GN IL RU ZZ 
VOG AL CI DW NR OZ SS TY 
WLE AA BN DX GT HZ IJ MR SS 
YZA AB CT DV HR IJ LS NN ZZ 
ZXE AL CS DU FR IM KZ NP TV 
ARF AQ DF IU JR KT LN PZ SV 
Testing 2 5 1
AHV AA BR DH ES IT NP XZ 
BUD AE DV FI LS NN RU TX WZ 
CST AB CT DW IV NQ PZ RR SX 
GHD AG BI CN DQ ER JZ SY TT 
JRR AW CN DP II RU SV TX ZZ 
KDB AA DE IL NY OT RR SU ZZ 
NXF AO DX HT II LR NP SW VZ 
QLO AW CI DX ES GZ JR NP QT 
XRL AK BT CI DX ER NV QZ SS 
YIQ AY DF IZ JR KS NX PT 
YLD AL DG IS KN RX TW UZ 
Testing 2 5 3
AQN AN DJ GI PT RY SZ 
BFB AP CI DX ES KT NQ RW YZ 
CKV AJ CI DV HT KS MN RU YZ 
JON AW DZ EI NY OT RU SX 
KJY AF CT DK IQ JR NU SV XZ 
LXU AM DJ IP KN LS OR QZ TX 
NLR AA DK FN GR IU JT MS OZ 
OAP AG DP IV JS NN QZ RX TW 
SQQ AX DL FR GZ IP NO SW TY 
XUK AP BS DX IV JZ LN QT RU 
YXO AY DE HN IJ PR QS TW ZZ 
Testing 2 5 4
BRF AM DP GS HN IW RU TT ZZ 
ETM AY DM GZ IK NW PS QR TX 
EYM AQ DY ES IW JT KN OR XZ 
GGX AJ DM FR GZ HN II SW TT 
GVY AX CD GZ IK JS MT NQ RW 
HMB AP CD HI KT NN QZ RY SV 
JMQ AP BR DK GS II JZ NV TT 
JXV AY BR DQ IO NP SS TW XZ 
MTF AU DJ GT IY NR SW ZZ 
NFC AY DD FR IW JZ NP OS TT 
NLR AZ DK IY NO PR SX TV 
OHZ AJ BD GZ IO LS NT RU 
PWB AP DI KS LZ MT NU RV 
RGH AL DK IP MR NN OT SS VZ 
UDG AF BN DV IK LT MZ RR SW 
UTM AB DH IU JT KS LN MR OZ 
VPX AQ CZ DM IN KR LS PT 
WUP AX CT DE FR GI KN SW UZ 
Testing 3 1 2
EAN AO BR CD EN IU JS KT YZ 
EMA AC DD EZ IY NU QR ST 
FCH AB CR DL IP JN SU TV XZ 
GFY AA BD CI FT NU OZ PR SV 
HKX AT DU HI JN RX SS VZ 
JHZ AY BZ DO HR IM LT NN QS 
KJJ AA BS CR DY GN IL MZ OT 
NRR AL CR DY EI FN SZ TV 
NKJ AK DD FT IQ JZ MN PR SS 
OAF AM CD HT IP LN RS WZ 
QVV AH CT DZ IU JR MS NQ 
QIO AV DU IX KS NP RZ TT 
SWO AS CI DO ER LN MT QZ 
TKS AM BZ DY FT HS IX KN LR 
VKM AK CT DF IW LR NU QZ SX 
VPO AE BS DG FR IO NY QT ZZ 
WOL AV DF HT IK JR LN MZ SY 
XZN AF BI CT DQ KN RX SW VZ 
YEL AZ BT DQ FR IS MN 
ZRL AS CN DG EI FR HT UZ 
AWO AQ BD FN IS JR OZ TT 
Testing 3 1 4
ACG AI DL HS JR KT NN VZ 
AGT AL DX HI MN OS QR TZ 
ALS AJ BR CN DV IK LS MT PZ 
BND AA BN DU IX JZ KR OS TV 
DCD AF BD CR ET GI HS NX VZ 
EJO AL BI CN DO GZ RY SW TV 
GOG AP CI DF ES KT NW RR VZ 
HUY AC DJ GT II MS NW RX UZ 
HKR AP BT DV EN FS GR IX QZ 
IAD AY CI DD GT HR MZ NN SX 
JDY AM CS DH GI JN KT PZ RU 
KYC AK DM FZ IS LT NR 
KJD AH BN DT EZ IU QR SX 
LLJ AX DG IJ NO RR SZ TT 
NUM AO BS CD FR HT IM LN QZ 
OKU AP DO GR HZ IQ KS NY TT 
QTM AA CD FT HS IM KZ NV RY 
QEM AU CS DE II MT NV RR ZZ 
RAW AC BR DD HT IM JZ NO SV 
TPE AY DX EI LZ NN RS TU 
UBF AG BT CZ DQ II LR NP SX 
VVI AU DG IY JR MT NW PS VZ 
VOQ AJ CZ DD IQ MR NY OS TV 
WVA AX CD EZ II LT MS NV QR 
WFN AH CZ DP IO LT NN RS 
XVZ AL BN DF IO KS PT RU VZ 
XZH AH BT DL IY JZ NQ PR SW 
XFE AU CR DP GN HS IK JZ QT 
Testing 3 1 5
DDM AH DX EI LT MS NQ OR PZ 
IJB AQ BS CI DD LZ MN RX TY 
NWP AU BR DD FN IM PZ QS TT 
PTC AJ BT DF GI HZ KR NU OS 
PVV AQ DJ EN II KZ MR PT SW 
PXB AC DD FT GS IY JR KZ NQ 
QIJ AH CN DD IX JS MZ OT RV 
QPY AY DK EN FI HR LS TT WZ 
RNS AA CD ER IQ LN SY TT WZ 
UFO AW BD FT GR II KN PZ SU 
ZFJ AA BN DR IL MS PT XZ 
Testing 3 2 1
AAA AB CD IJ NN RR SS TT ZZ 
ADQ AH DV EZ GN IW JS RY TU 
CWN AJ DX EZ II MN PS QT RR 
GHM AK BZ DV HI MT NN PS QR 
III AF BN CZ DM IL KR PT SS 
KTD AG BN DM IQ JZ KR OT SY 
LPC AL BZ CN DD IX JR KS TV 
MFQ AJ DO EI GN KS LR TU VZ 
MDS AH DY ET FN GI MZ PS RR 
NPT AE CZ DX GN IP LT MR SU 
OMG AH CN DE FZ II LT MS RY 
OVE AA BZ DJ HR IM NV SY TW 
PSB AK CD GT IX NY PZ QR SU 
QHR AF BZ DH GN IM QS RV TU 
QAA AX DF EI HZ LS NN PT RU 
RPS AA CN DE FI HZ QS RV TU 
UFC AC DD FI HS JT NV PR YZ 
VBY AB DP GT IX JS NY QZ RU 
XRJ AF CS DM EN IK QR TY ZZ 
Testing 3 2 4
Terminate batch job (Y/N)? Terminate batch job (Y/N)? 
