AAA AB CD IJ NN RR SS TT ZZ 
ADQ AH DV EZ GN IW JS RY TU 
CWN AJ DX EZ II MN PS QT RR 
GHM AK BZ DV HI MT NN PS QR 
III AF BN CZ DM IL KR PT SS 
KTD AG BN DM IQ JZ KR OT SY 
LPC AL BZ CN DD IX JR KS TV 
MFQ AJ DO EI GN KS LR TU VZ 
MDS AH DY ET FN GI MZ PS RR 
NPT AE CZ DX GN IP LT MR SU 
OMG AH CN DE FZ II LT MS RY 
OVE AA BZ DJ HR IM NV SY TW 
PSB AK CD GT IX NY PZ QR SU 
QHR AF BZ DH GN IM QS RV TU 
QAA AX DF EI HZ LS NN PT RU 
RPS AA CN DE FI HZ QS RV TU 
UFC AC DD FI HS JT NV PR YZ 
VBY AB DP GT IX JS NY QZ RU 
XRJ AF CS DM EN IK QR TY ZZ 
9178932 chars in 32 seconds
